<!DOCTYPE html PUBLIC "-//W3C//DTD XHTML 1.1//EN" "https://www.w3.org/TR/xhtml11/DTD/xhtml11.dtd">
<html xmlns="https://www.w3.org/1999/xhtml">
<head>
<meta http-equiv="content-type" content="text/html; charset=UTF-8"/>
<title>TestNG Report</title>
<style type="text/css">table {margin-bottom:10px;border-collapse:collapse;empty-cells:show}th,td {border:1px solid #009;padding:.25em .5em}th {vertical-align:bottom}td {vertical-align:top}table a {font-weight:bold}.stripe td {background-color: #E6EBF9}.num {text-align:right}.passedodd td {background-color: #3F3}.passedeven td {background-color: #0A0}.skippedodd td {background-color: #DDD}.skippedeven td {background-color: #CCC}.failedodd td,.attn {background-color: #F33}.failedeven td,.stripe .attn {background-color: #D00}.stacktrace {white-space:pre;font-family:monospace}.totop {font-size:85%;text-align:center;border-bottom:2px solid #000}.invisible {display:none}</style>
</head>
<body>
<table>
<tr><th>Test</th><th># Passed</th><th># Skipped</th><th># Retried</th><th># Failed</th><th>Time (ms)</th><th>Included Groups</th><th>Excluded Groups</th></tr>
<tr><th colspan="8">NopCommerce Regression Suite</th></tr>
<tr><td><a href="#t0">Regression Test</a></td><td class="num">21</td><td class="num">0</td><td class="num">0</td><td class="num attn">2</td><td class="num">63,474</td><td></td><td></td></tr>
</table>
<table id='summary'><thead><tr><th>Class</th><th>Method</th><th>Start</th><th>Time (ms)</th></tr></thead><tbody><tr><th colspan="4">NopCommerce Regression Suite</th></tr></tbody><tbody id="t0"><tr><th colspan="4">Regression Test &#8212; failed</th></tr><tr class="failedeven"><td rowspan="1">Tests.CheckOutRegisteredTest</td><td><a href="#m0">TestCheckOutSteps</a></td><td rowspan="1">1704511673157</td><td rowspan="1">417</td></tr><tr class="failedodd"><td rowspan="1">Tests.UserRegisterationTest</td><td><a href="#m1">UserCanRegisterSuccssfully</a></td><td rowspan="1">1704511658896</td><td rowspan="1">2770</td></tr><tr><th colspan="4">Regression Test &#8212; passed</th></tr><tr class="passedeven"><td rowspan="3">Tests.AddToCartTest</td><td><a href="#m2">SearchItemOneToCart</a></td><td rowspan="1">1704511673753</td><td rowspan="1">4652</td></tr><tr class="passedeven"><td><a href="#m3">SearchItemTwoToCart</a></td><td rowspan="1">1704511678413</td><td rowspan="1">7588</td></tr><tr class="passedeven"><td><a href="#m4">TestCartPage</a></td><td rowspan="1">1704511686007</td><td rowspan="1">1144</td></tr><tr class="passedodd"><td rowspan="3">Tests.AddToComperTest</td><td><a href="#m5">SearchItemOneToComparer</a></td><td rowspan="1">1704511687172</td><td rowspan="1">4824</td></tr><tr class="passedodd"><td><a href="#m6">SearchItemTwoToCompare</a></td><td rowspan="1">1704511691998</td><td rowspan="1">3467</td></tr><tr class="passedodd"><td><a href="#m7">TestComparePage</a></td><td rowspan="1">1704511695471</td><td rowspan="1">843</td></tr><tr class="passedeven"><td rowspan="3">Tests.AddToWishTest</td><td><a href="#m8">TestAddToWish</a></td><td rowspan="1">1704511696874</td><td rowspan="1">4205</td></tr><tr class="passedeven"><td><a href="#m9">TestSearch</a></td><td rowspan="1">1704511696326</td><td rowspan="1">529</td></tr><tr class="passedeven"><td><a href="#m10">TestWishList</a></td><td rowspan="1">1704511701086</td><td rowspan="1">4375</td></tr><tr class="passedodd"><td rowspan="2">Tests.ChangeCurrencyTest</td><td><a href="#m11">TestChangeCurrency</a></td><td rowspan="1">1704511705989</td><td rowspan="1">3321</td></tr><tr class="passedodd"><td><a href="#m12">TestSearch</a></td><td rowspan="1">1704511705477</td><td rowspan="1">506</td></tr><tr class="passedeven"><td rowspan="2">Tests.CheckOutRegisteredTest</td><td><a href="#m13">OpenCartPageThenCheckPage</a></td><td rowspan="1">1704511672000</td><td rowspan="1">1149</td></tr><tr class="passedeven"><td><a href="#m14">SearchItemToCheckOut</a></td><td rowspan="1">1704511663954</td><td rowspan="1">8039</td></tr><tr class="passedodd"><td rowspan="1">Tests.ContactUsTest</td><td><a href="#m15">TestContactUs</a></td><td rowspan="1">1704511709323</td><td rowspan="1">1430</td></tr><tr class="passedeven"><td rowspan="1">Tests.EmailFriendTest</td><td><a href="#m16">TestEmailFriend</a></td><td rowspan="1">1704511714846</td><td rowspan="1">1445</td></tr><tr class="passedodd"><td rowspan="1">Tests.HoverMenuTest</td><td><a href="#m17">TestHoverComputersMenu</a></td><td rowspan="1">1704511710771</td><td rowspan="1">1021</td></tr><tr class="passedeven"><td rowspan="2">Tests.ReviewTest</td><td><a href="#m18">TestMakingReview</a></td><td rowspan="1">1704511720122</td><td rowspan="1">1297</td></tr><tr class="passedeven"><td><a href="#m19">TestSearchAutoSuggest</a></td><td rowspan="1">1704511716957</td><td rowspan="1">3162</td></tr><tr class="passedodd"><td rowspan="1">Tests.SearchAutoSuggestTest</td><td><a href="#m20">TestSearchAutoSuggest</a></td><td rowspan="1">1704511711809</td><td rowspan="1">3017</td></tr><tr class="passedeven"><td rowspan="1">Tests.SearchTest</td><td><a href="#m21">TestSearch</a></td><td rowspan="1">1704511716319</td><td rowspan="1">620</td></tr><tr class="passedodd"><td rowspan="1">Tests.UserRegisterationTest</td><td><a href="#m22">TestLoginSuccssfully</a></td><td rowspan="1">1704511661991</td><td rowspan="1">1937</td></tr></tbody>
</table>
<h2>Regression Test</h2><h3 id="m0">Tests.CheckOutRegisteredTest#TestCheckOutSteps</h3><table class="result"><tr><th>Exception</th></tr><tr><td><div class="stacktrace">org.openqa.selenium.ElementNotInteractableException: element not interactable: Element is not currently visible and may not be manipulated
  (Session info: chrome=120.0.6099.109)
Build info: version: &apos;4.16.1&apos;, revision: &apos;9b4c83354e&apos;
System info: os.name: &apos;Windows 10&apos;, os.arch: &apos;amd64&apos;, os.version: &apos;10.0&apos;, java.version: &apos;21.0.1&apos;
Driver info: org.openqa.selenium.chrome.ChromeDriver
Command: [be0009fbcaf334df9b28900e2cba3c79, clickElement {id=7563FD654F8110061D8765BFB55908CB_element_274}]
Capabilities {acceptInsecureCerts: false, browserName: chrome, browserVersion: 120.0.6099.109, chrome: {chromedriverVersion: 120.0.6099.109 (3419140ab66..., userDataDir: C:\Users\MOAMEN~1\AppData\L...}, fedcm:accounts: true, goog:chromeOptions: {debuggerAddress: localhost:50893}, networkConnectionEnabled: false, pageLoadStrategy: normal, platformName: windows, proxy: Proxy(), se:cdp: ws://localhost:50893/devtoo..., se:cdpVersion: 120.0.6099.109, setWindowRect: true, strictFileInteractability: false, timeouts: {implicit: 0, pageLoad: 300000, script: 30000}, unhandledPromptBehavior: dismiss and notify, webauthn:extension:credBlob: true, webauthn:extension:largeBlob: true, webauthn:extension:minPinLength: true, webauthn:extension:prf: true, webauthn:virtualAuthenticators: true}
Element: [[[[ChromeDriver: chrome on windows (be0009fbcaf334df9b28900e2cba3c79)] -&gt; xpath: //*[@id=&quot;BillingNewAddress_CountryId&quot;]]] -&gt; xpath: .//option[@value = &quot;201&quot;]]
Session ID: be0009fbcaf334df9b28900e2cba3c79
	at org.openqa.selenium.remote.codec.w3c.W3CHttpResponseCodec.createException(W3CHttpResponseCodec.java:200)
	at org.openqa.selenium.remote.codec.w3c.W3CHttpResponseCodec.decode(W3CHttpResponseCodec.java:133)
	at org.openqa.selenium.remote.codec.w3c.W3CHttpResponseCodec.decode(W3CHttpResponseCodec.java:52)
	at org.openqa.selenium.remote.HttpCommandExecutor.execute(HttpCommandExecutor.java:191)
	at org.openqa.selenium.remote.service.DriverCommandExecutor.invokeExecute(DriverCommandExecutor.java:200)
	at org.openqa.selenium.remote.service.DriverCommandExecutor.execute(DriverCommandExecutor.java:175)
	at org.openqa.selenium.remote.RemoteWebDriver.execute(RemoteWebDriver.java:523)
	at org.openqa.selenium.remote.RemoteWebElement.execute(RemoteWebElement.java:224)
	at org.openqa.selenium.remote.RemoteWebElement.click(RemoteWebElement.java:77)
	at org.openqa.selenium.support.ui.Select.setSelected(Select.java:315)
	at org.openqa.selenium.support.ui.Select.selectByValue(Select.java:195)
	at PagesObjects.CheckOutPage.CheckOutInput(CheckOutPage.java:102)
	at Tests.CheckOutRegisteredTest.TestCheckOutSteps(CheckOutRegisteredTest.java:53)
	at java.base/java.util.ArrayList.forEach(ArrayList.java:1596)
... Removed 32 stack frames</div></td></tr></table><p class="totop"><a href="#summary">back to summary</a></p>
<h3 id="m1">Tests.UserRegisterationTest#UserCanRegisterSuccssfully</h3><table class="result"><tr><th>Exception</th></tr><tr><td><div class="stacktrace">java.lang.AssertionError: expected [true] but found [false]
	at Tests.UserRegisterationTest.UserCanRegisterSuccssfully(UserRegisterationTest.java:29)
	at java.base/java.util.ArrayList.forEach(ArrayList.java:1596)
... Removed 33 stack frames</div></td></tr></table><p class="totop"><a href="#summary">back to summary</a></p>
<h3 id="m2">Tests.AddToCartTest#SearchItemOneToCart</h3><table class="result"><tr><th class="invisible"/></tr></table><p class="totop"><a href="#summary">back to summary</a></p>
<h3 id="m3">Tests.AddToCartTest#SearchItemTwoToCart</h3><table class="result"><tr><th class="invisible"/></tr></table><p class="totop"><a href="#summary">back to summary</a></p>
<h3 id="m4">Tests.AddToCartTest#TestCartPage</h3><table class="result"><tr><th class="invisible"/></tr></table><p class="totop"><a href="#summary">back to summary</a></p>
<h3 id="m5">Tests.AddToComperTest#SearchItemOneToComparer</h3><table class="result"><tr><th class="invisible"/></tr></table><p class="totop"><a href="#summary">back to summary</a></p>
<h3 id="m6">Tests.AddToComperTest#SearchItemTwoToCompare</h3><table class="result"><tr><th class="invisible"/></tr></table><p class="totop"><a href="#summary">back to summary</a></p>
<h3 id="m7">Tests.AddToComperTest#TestComparePage</h3><table class="result"><tr><th class="invisible"/></tr></table><p class="totop"><a href="#summary">back to summary</a></p>
<h3 id="m8">Tests.AddToWishTest#TestAddToWish</h3><table class="result"><tr><th class="invisible"/></tr></table><p class="totop"><a href="#summary">back to summary</a></p>
<h3 id="m9">Tests.AddToWishTest#TestSearch</h3><table class="result"><tr><th class="invisible"/></tr></table><p class="totop"><a href="#summary">back to summary</a></p>
<h3 id="m10">Tests.AddToWishTest#TestWishList</h3><table class="result"><tr><th class="invisible"/></tr></table><p class="totop"><a href="#summary">back to summary</a></p>
<h3 id="m11">Tests.ChangeCurrencyTest#TestChangeCurrency</h3><table class="result"><tr><th class="invisible"/></tr></table><p class="totop"><a href="#summary">back to summary</a></p>
<h3 id="m12">Tests.ChangeCurrencyTest#TestSearch</h3><table class="result"><tr><th class="invisible"/></tr></table><p class="totop"><a href="#summary">back to summary</a></p>
<h3 id="m13">Tests.CheckOutRegisteredTest#OpenCartPageThenCheckPage</h3><table class="result"><tr><th class="invisible"/></tr></table><p class="totop"><a href="#summary">back to summary</a></p>
<h3 id="m14">Tests.CheckOutRegisteredTest#SearchItemToCheckOut</h3><table class="result"><tr><th class="invisible"/></tr></table><p class="totop"><a href="#summary">back to summary</a></p>
<h3 id="m15">Tests.ContactUsTest#TestContactUs</h3><table class="result"><tr><th class="invisible"/></tr></table><p class="totop"><a href="#summary">back to summary</a></p>
<h3 id="m16">Tests.EmailFriendTest#TestEmailFriend</h3><table class="result"><tr><th class="invisible"/></tr></table><p class="totop"><a href="#summary">back to summary</a></p>
<h3 id="m17">Tests.HoverMenuTest#TestHoverComputersMenu</h3><table class="result"><tr><th class="invisible"/></tr></table><p class="totop"><a href="#summary">back to summary</a></p>
<h3 id="m18">Tests.ReviewTest#TestMakingReview</h3><table class="result"><tr><th class="invisible"/></tr></table><p class="totop"><a href="#summary">back to summary</a></p>
<h3 id="m19">Tests.ReviewTest#TestSearchAutoSuggest</h3><table class="result"><tr><th class="invisible"/></tr></table><p class="totop"><a href="#summary">back to summary</a></p>
<h3 id="m20">Tests.SearchAutoSuggestTest#TestSearchAutoSuggest</h3><table class="result"><tr><th class="invisible"/></tr></table><p class="totop"><a href="#summary">back to summary</a></p>
<h3 id="m21">Tests.SearchTest#TestSearch</h3><table class="result"><tr><th class="invisible"/></tr></table><p class="totop"><a href="#summary">back to summary</a></p>
<h3 id="m22">Tests.UserRegisterationTest#TestLoginSuccssfully</h3><table class="result"><tr><th class="invisible"/></tr></table><p class="totop"><a href="#summary">back to summary</a></p>
</body>
</html>
