<!DOCTYPE html>

<html>
  <head>
  <meta charset='utf-8'>
  <title>TestNG reports</title>

    <link type="text/css" href="testng-reports1.css" rel="stylesheet" id="ultra" />
    <link type="text/css" href="testng-reports.css" rel="stylesheet" id="retro" disabled="false"/>
    <script type="text/javascript" src="jquery-3.6.0.min.js"></script>
    <script type="text/javascript" src="testng-reports.js"></script>
    <script type="text/javascript" src="https://www.google.com/jsapi"></script>
    <script type='text/javascript'>
      google.load('visualization', '1', {packages:['table']});
      google.setOnLoadCallback(drawTable);
      var suiteTableInitFunctions = new Array();
      var suiteTableData = new Array();
    </script>
    <!--
      <script type="text/javascript" src="jquery-ui/js/jquery-ui-1.8.16.custom.min.js"></script>
     -->
  </head>

  <body>    <div class="top-banner-root">
      <span class="top-banner-title-font">Test results</span>
      <button id="button" class="button">Switch Retro Theme</button> <!-- button -->
      <br/>
      <span class="top-banner-font-1">1 suite, 2 failed tests</span>
    </div> <!-- top-banner-root -->
    <div class="navigator-root">
      <div class="navigator-suite-header">
        <span>All suites</span>
        <a href="#" title="Collapse/expand all the suites" class="collapse-all-link">
          <img src="collapseall.gif" class="collapse-all-icon">
          </img> <!-- collapse-all-icon -->
        </a> <!-- collapse-all-link -->
      </div> <!-- navigator-suite-header -->
      <div class="suite">
        <div class="rounded-window">
          <div class="suite-header light-rounded-window-top">
            <a href="#" panel-name="suite-NopCommerce_Regression_Suite" class="navigator-link">
              <span class="suite-name border-failed">NopCommerce Regression Suite</span>
            </a> <!-- navigator-link -->
          </div> <!-- suite-header light-rounded-window-top -->
          <div class="navigator-suite-content">
            <div class="suite-section-title">
              <span>Info</span>
            </div> <!-- suite-section-title -->
            <div class="suite-section-content">
              <ul>
                <li>
                  <a href="#" panel-name="test-xml-NopCommerce_Regression_Suite" class="navigator-link ">
                    <span>C:\WorkSpace\ATFNopCommerce\testng.xml</span>
                  </a> <!-- navigator-link  -->
                </li>
                <li>
                  <a href="#" panel-name="testlist-NopCommerce_Regression_Suite" class="navigator-link ">
                    <span class="test-stats">1 test</span>
                  </a> <!-- navigator-link  -->
                </li>
                <li>
                  <a href="#" panel-name="group-NopCommerce_Regression_Suite" class="navigator-link ">
                    <span>0 groups</span>
                  </a> <!-- navigator-link  -->
                </li>
                <li>
                  <a href="#" panel-name="times-NopCommerce_Regression_Suite" class="navigator-link ">
                    <span>Times</span>
                  </a> <!-- navigator-link  -->
                </li>
                <li>
                  <a href="#" panel-name="reporter-NopCommerce_Regression_Suite" class="navigator-link ">
                    <span>Reporter output</span>
                  </a> <!-- navigator-link  -->
                </li>
                <li>
                  <a href="#" panel-name="ignored-methods-NopCommerce_Regression_Suite" class="navigator-link ">
                    <span>Ignored methods</span>
                  </a> <!-- navigator-link  -->
                </li>
                <li>
                  <a href="#" panel-name="chronological-NopCommerce_Regression_Suite" class="navigator-link ">
                    <span>Chronological view</span>
                  </a> <!-- navigator-link  -->
                </li>
              </ul>
            </div> <!-- suite-section-content -->
            <div class="result-section">
              <div class="suite-section-title">
                <span>Results</span>
              </div> <!-- suite-section-title -->
              <div class="suite-section-content">
                <ul>
                  <li>
                    <span class="method-stats">23 methods, 2 failed,   21 passed</span>
                  </li>
                  <li>
                    <span class="method-list-title failed">Failed methods</span>
                    <span class="show-or-hide-methods failed">
                      <a href="#" panel-name="suite-NopCommerce_Regression_Suite" class="hide-methods failed suite-NopCommerce_Regression_Suite"> (hide)</a> <!-- hide-methods failed suite-NopCommerce_Regression_Suite -->
                      <a href="#" panel-name="suite-NopCommerce_Regression_Suite" class="show-methods failed suite-NopCommerce_Regression_Suite"> (show)</a> <!-- show-methods failed suite-NopCommerce_Regression_Suite -->
                    </span>
                    <div class="method-list-content failed suite-NopCommerce_Regression_Suite">
                      <span>
                        <img src="failed.png" width="3%"/>
                        <a href="#" panel-name="suite-NopCommerce_Regression_Suite" title="Tests.CheckOutRegisteredTest" class="method navigator-link" hash-for-method="TestCheckOutSteps">TestCheckOutSteps</a> <!-- method navigator-link -->
                      </span>
                      <br/>
                      <span>
                        <img src="failed.png" width="3%"/>
                        <a href="#" panel-name="suite-NopCommerce_Regression_Suite" title="Tests.UserRegisterationTest" class="method navigator-link" hash-for-method="UserCanRegisterSuccssfully">UserCanRegisterSuccssfully</a> <!-- method navigator-link -->
                      </span>
                      <br/>
                    </div> <!-- method-list-content failed suite-NopCommerce_Regression_Suite -->
                  </li>
                  <li>
                    <span class="method-list-title passed">Passed methods</span>
                    <span class="show-or-hide-methods passed">
                      <a href="#" panel-name="suite-NopCommerce_Regression_Suite" class="hide-methods passed suite-NopCommerce_Regression_Suite"> (hide)</a> <!-- hide-methods passed suite-NopCommerce_Regression_Suite -->
                      <a href="#" panel-name="suite-NopCommerce_Regression_Suite" class="show-methods passed suite-NopCommerce_Regression_Suite"> (show)</a> <!-- show-methods passed suite-NopCommerce_Regression_Suite -->
                    </span>
                    <div class="method-list-content passed suite-NopCommerce_Regression_Suite">
                      <span>
                        <img src="passed.png" width="3%"/>
                        <a href="#" panel-name="suite-NopCommerce_Regression_Suite" title="Tests.CheckOutRegisteredTest" class="method navigator-link" hash-for-method="OpenCartPageThenCheckPage">OpenCartPageThenCheckPage</a> <!-- method navigator-link -->
                      </span>
                      <br/>
                      <span>
                        <img src="passed.png" width="3%"/>
                        <a href="#" panel-name="suite-NopCommerce_Regression_Suite" title="Tests.AddToCartTest" class="method navigator-link" hash-for-method="SearchItemOneToCart">SearchItemOneToCart</a> <!-- method navigator-link -->
                      </span>
                      <br/>
                      <span>
                        <img src="passed.png" width="3%"/>
                        <a href="#" panel-name="suite-NopCommerce_Regression_Suite" title="Tests.AddToComperTest" class="method navigator-link" hash-for-method="SearchItemOneToComparer">SearchItemOneToComparer</a> <!-- method navigator-link -->
                      </span>
                      <br/>
                      <span>
                        <img src="passed.png" width="3%"/>
                        <a href="#" panel-name="suite-NopCommerce_Regression_Suite" title="Tests.CheckOutRegisteredTest" class="method navigator-link" hash-for-method="SearchItemToCheckOut">SearchItemToCheckOut</a> <!-- method navigator-link -->
                      </span>
                      <br/>
                      <span>
                        <img src="passed.png" width="3%"/>
                        <a href="#" panel-name="suite-NopCommerce_Regression_Suite" title="Tests.AddToCartTest" class="method navigator-link" hash-for-method="SearchItemTwoToCart">SearchItemTwoToCart</a> <!-- method navigator-link -->
                      </span>
                      <br/>
                      <span>
                        <img src="passed.png" width="3%"/>
                        <a href="#" panel-name="suite-NopCommerce_Regression_Suite" title="Tests.AddToComperTest" class="method navigator-link" hash-for-method="SearchItemTwoToCompare">SearchItemTwoToCompare</a> <!-- method navigator-link -->
                      </span>
                      <br/>
                      <span>
                        <img src="passed.png" width="3%"/>
                        <a href="#" panel-name="suite-NopCommerce_Regression_Suite" title="Tests.AddToWishTest" class="method navigator-link" hash-for-method="TestAddToWish">TestAddToWish</a> <!-- method navigator-link -->
                      </span>
                      <br/>
                      <span>
                        <img src="passed.png" width="3%"/>
                        <a href="#" panel-name="suite-NopCommerce_Regression_Suite" title="Tests.AddToCartTest" class="method navigator-link" hash-for-method="TestCartPage">TestCartPage</a> <!-- method navigator-link -->
                      </span>
                      <br/>
                      <span>
                        <img src="passed.png" width="3%"/>
                        <a href="#" panel-name="suite-NopCommerce_Regression_Suite" title="Tests.ChangeCurrencyTest" class="method navigator-link" hash-for-method="TestChangeCurrency">TestChangeCurrency</a> <!-- method navigator-link -->
                      </span>
                      <br/>
                      <span>
                        <img src="passed.png" width="3%"/>
                        <a href="#" panel-name="suite-NopCommerce_Regression_Suite" title="Tests.AddToComperTest" class="method navigator-link" hash-for-method="TestComparePage">TestComparePage</a> <!-- method navigator-link -->
                      </span>
                      <br/>
                      <span>
                        <img src="passed.png" width="3%"/>
                        <a href="#" panel-name="suite-NopCommerce_Regression_Suite" title="Tests.ContactUsTest" class="method navigator-link" hash-for-method="TestContactUs">TestContactUs</a> <!-- method navigator-link -->
                      </span>
                      <br/>
                      <span>
                        <img src="passed.png" width="3%"/>
                        <a href="#" panel-name="suite-NopCommerce_Regression_Suite" title="Tests.EmailFriendTest" class="method navigator-link" hash-for-method="TestEmailFriend">TestEmailFriend</a> <!-- method navigator-link -->
                      </span>
                      <br/>
                      <span>
                        <img src="passed.png" width="3%"/>
                        <a href="#" panel-name="suite-NopCommerce_Regression_Suite" title="Tests.HoverMenuTest" class="method navigator-link" hash-for-method="TestHoverComputersMenu">TestHoverComputersMenu</a> <!-- method navigator-link -->
                      </span>
                      <br/>
                      <span>
                        <img src="passed.png" width="3%"/>
                        <a href="#" panel-name="suite-NopCommerce_Regression_Suite" title="Tests.UserRegisterationTest" class="method navigator-link" hash-for-method="TestLoginSuccssfully">TestLoginSuccssfully</a> <!-- method navigator-link -->
                      </span>
                      <br/>
                      <span>
                        <img src="passed.png" width="3%"/>
                        <a href="#" panel-name="suite-NopCommerce_Regression_Suite" title="Tests.ReviewTest" class="method navigator-link" hash-for-method="TestMakingReview">TestMakingReview</a> <!-- method navigator-link -->
                      </span>
                      <br/>
                      <span>
                        <img src="passed.png" width="3%"/>
                        <a href="#" panel-name="suite-NopCommerce_Regression_Suite" title="Tests.ChangeCurrencyTest" class="method navigator-link" hash-for-method="TestSearch">TestSearch</a> <!-- method navigator-link -->
                      </span>
                      <br/>
                      <span>
                        <img src="passed.png" width="3%"/>
                        <a href="#" panel-name="suite-NopCommerce_Regression_Suite" title="Tests.AddToWishTest" class="method navigator-link" hash-for-method="TestSearch">TestSearch</a> <!-- method navigator-link -->
                      </span>
                      <br/>
                      <span>
                        <img src="passed.png" width="3%"/>
                        <a href="#" panel-name="suite-NopCommerce_Regression_Suite" title="Tests.SearchTest" class="method navigator-link" hash-for-method="TestSearch">TestSearch</a> <!-- method navigator-link -->
                      </span>
                      <br/>
                      <span>
                        <img src="passed.png" width="3%"/>
                        <a href="#" panel-name="suite-NopCommerce_Regression_Suite" title="Tests.ReviewTest" class="method navigator-link" hash-for-method="TestSearchAutoSuggest">TestSearchAutoSuggest</a> <!-- method navigator-link -->
                      </span>
                      <br/>
                      <span>
                        <img src="passed.png" width="3%"/>
                        <a href="#" panel-name="suite-NopCommerce_Regression_Suite" title="Tests.SearchAutoSuggestTest" class="method navigator-link" hash-for-method="TestSearchAutoSuggest">TestSearchAutoSuggest</a> <!-- method navigator-link -->
                      </span>
                      <br/>
                      <span>
                        <img src="passed.png" width="3%"/>
                        <a href="#" panel-name="suite-NopCommerce_Regression_Suite" title="Tests.AddToWishTest" class="method navigator-link" hash-for-method="TestWishList">TestWishList</a> <!-- method navigator-link -->
                      </span>
                      <br/>
                    </div> <!-- method-list-content passed suite-NopCommerce_Regression_Suite -->
                  </li>
                </ul>
              </div> <!-- suite-section-content -->
            </div> <!-- result-section -->
          </div> <!-- navigator-suite-content -->
        </div> <!-- rounded-window -->
      </div> <!-- suite -->
    </div> <!-- navigator-root -->
    <div class="wrapper">
      <div class="main-panel-root">
        <div panel-name="suite-NopCommerce_Regression_Suite" class="panel NopCommerce_Regression_Suite">
          <div class="suite-NopCommerce_Regression_Suite-class-failed">
            <div class="main-panel-header rounded-window-top">
              <img src="failed.png"/>
              <span class="class-name">Tests.UserRegisterationTest</span>
            </div> <!-- main-panel-header rounded-window-top -->
            <div class="main-panel-content rounded-window-bottom">
              <div class="method">
                <div class="method-content">
                  <a name="UserCanRegisterSuccssfully">
                  </a> <!-- UserCanRegisterSuccssfully -->
                  <span class="method-name">UserCanRegisterSuccssfully</span>
                  <div class="stack-trace">java.lang.AssertionError: expected [true] but found [false]
	at Tests.UserRegisterationTest.UserCanRegisterSuccssfully(UserRegisterationTest.java:29)
	at java.base/java.util.ArrayList.forEach(ArrayList.java:1596)
... Removed 33 stack frames
</div> <!-- stack-trace -->
                </div> <!-- method-content -->
              </div> <!-- method -->
            </div> <!-- main-panel-content rounded-window-bottom -->
          </div> <!-- suite-NopCommerce_Regression_Suite-class-failed -->
          <div class="suite-NopCommerce_Regression_Suite-class-failed">
            <div class="main-panel-header rounded-window-top">
              <img src="failed.png"/>
              <span class="class-name">Tests.CheckOutRegisteredTest</span>
            </div> <!-- main-panel-header rounded-window-top -->
            <div class="main-panel-content rounded-window-bottom">
              <div class="method">
                <div class="method-content">
                  <a name="TestCheckOutSteps">
                  </a> <!-- TestCheckOutSteps -->
                  <span class="method-name">TestCheckOutSteps</span>
                  <div class="stack-trace">org.openqa.selenium.ElementNotInteractableException: element not interactable: Element is not currently visible and may not be manipulated
  (Session info: chrome=120.0.6099.109)
Build info: version: &apos;4.16.1&apos;, revision: &apos;9b4c83354e&apos;
System info: os.name: &apos;Windows 10&apos;, os.arch: &apos;amd64&apos;, os.version: &apos;10.0&apos;, java.version: &apos;21.0.1&apos;
Driver info: org.openqa.selenium.chrome.ChromeDriver
Command: [be0009fbcaf334df9b28900e2cba3c79, clickElement {id=7563FD654F8110061D8765BFB55908CB_element_274}]
Capabilities {acceptInsecureCerts: false, browserName: chrome, browserVersion: 120.0.6099.109, chrome: {chromedriverVersion: 120.0.6099.109 (3419140ab66..., userDataDir: C:\Users\MOAMEN~1\AppData\L...}, fedcm:accounts: true, goog:chromeOptions: {debuggerAddress: localhost:50893}, networkConnectionEnabled: false, pageLoadStrategy: normal, platformName: windows, proxy: Proxy(), se:cdp: ws://localhost:50893/devtoo..., se:cdpVersion: 120.0.6099.109, setWindowRect: true, strictFileInteractability: false, timeouts: {implicit: 0, pageLoad: 300000, script: 30000}, unhandledPromptBehavior: dismiss and notify, webauthn:extension:credBlob: true, webauthn:extension:largeBlob: true, webauthn:extension:minPinLength: true, webauthn:extension:prf: true, webauthn:virtualAuthenticators: true}
Element: [[[[ChromeDriver: chrome on windows (be0009fbcaf334df9b28900e2cba3c79)] -&gt; xpath: //*[@id=&quot;BillingNewAddress_CountryId&quot;]]] -&gt; xpath: .//option[@value = &quot;201&quot;]]
Session ID: be0009fbcaf334df9b28900e2cba3c79
	at org.openqa.selenium.remote.codec.w3c.W3CHttpResponseCodec.createException(W3CHttpResponseCodec.java:200)
	at org.openqa.selenium.remote.codec.w3c.W3CHttpResponseCodec.decode(W3CHttpResponseCodec.java:133)
	at org.openqa.selenium.remote.codec.w3c.W3CHttpResponseCodec.decode(W3CHttpResponseCodec.java:52)
	at org.openqa.selenium.remote.HttpCommandExecutor.execute(HttpCommandExecutor.java:191)
	at org.openqa.selenium.remote.service.DriverCommandExecutor.invokeExecute(DriverCommandExecutor.java:200)
	at org.openqa.selenium.remote.service.DriverCommandExecutor.execute(DriverCommandExecutor.java:175)
	at org.openqa.selenium.remote.RemoteWebDriver.execute(RemoteWebDriver.java:523)
	at org.openqa.selenium.remote.RemoteWebElement.execute(RemoteWebElement.java:224)
	at org.openqa.selenium.remote.RemoteWebElement.click(RemoteWebElement.java:77)
	at org.openqa.selenium.support.ui.Select.setSelected(Select.java:315)
	at org.openqa.selenium.support.ui.Select.selectByValue(Select.java:195)
	at PagesObjects.CheckOutPage.CheckOutInput(CheckOutPage.java:102)
	at Tests.CheckOutRegisteredTest.TestCheckOutSteps(CheckOutRegisteredTest.java:53)
	at java.base/java.util.ArrayList.forEach(ArrayList.java:1596)
... Removed 32 stack frames
</div> <!-- stack-trace -->
                </div> <!-- method-content -->
              </div> <!-- method -->
            </div> <!-- main-panel-content rounded-window-bottom -->
          </div> <!-- suite-NopCommerce_Regression_Suite-class-failed -->
          <div class="suite-NopCommerce_Regression_Suite-class-passed">
            <div class="main-panel-header rounded-window-top">
              <img src="passed.png"/>
              <span class="class-name">Tests.SearchTest</span>
            </div> <!-- main-panel-header rounded-window-top -->
            <div class="main-panel-content rounded-window-bottom">
              <div class="method">
                <div class="method-content">
                  <a name="TestSearch">
                  </a> <!-- TestSearch -->
                  <span class="method-name">TestSearch</span>
                </div> <!-- method-content -->
              </div> <!-- method -->
            </div> <!-- main-panel-content rounded-window-bottom -->
          </div> <!-- suite-NopCommerce_Regression_Suite-class-passed -->
          <div class="suite-NopCommerce_Regression_Suite-class-passed">
            <div class="main-panel-header rounded-window-top">
              <img src="passed.png"/>
              <span class="class-name">Tests.SearchAutoSuggestTest</span>
            </div> <!-- main-panel-header rounded-window-top -->
            <div class="main-panel-content rounded-window-bottom">
              <div class="method">
                <div class="method-content">
                  <a name="TestSearchAutoSuggest">
                  </a> <!-- TestSearchAutoSuggest -->
                  <span class="method-name">TestSearchAutoSuggest</span>
                </div> <!-- method-content -->
              </div> <!-- method -->
            </div> <!-- main-panel-content rounded-window-bottom -->
          </div> <!-- suite-NopCommerce_Regression_Suite-class-passed -->
          <div class="suite-NopCommerce_Regression_Suite-class-passed">
            <div class="main-panel-header rounded-window-top">
              <img src="passed.png"/>
              <span class="class-name">Tests.UserRegisterationTest</span>
            </div> <!-- main-panel-header rounded-window-top -->
            <div class="main-panel-content rounded-window-bottom">
              <div class="method">
                <div class="method-content">
                  <a name="TestLoginSuccssfully">
                  </a> <!-- TestLoginSuccssfully -->
                  <span class="method-name">TestLoginSuccssfully</span>
                </div> <!-- method-content -->
              </div> <!-- method -->
            </div> <!-- main-panel-content rounded-window-bottom -->
          </div> <!-- suite-NopCommerce_Regression_Suite-class-passed -->
          <div class="suite-NopCommerce_Regression_Suite-class-passed">
            <div class="main-panel-header rounded-window-top">
              <img src="passed.png"/>
              <span class="class-name">Tests.ChangeCurrencyTest</span>
            </div> <!-- main-panel-header rounded-window-top -->
            <div class="main-panel-content rounded-window-bottom">
              <div class="method">
                <div class="method-content">
                  <a name="TestChangeCurrency">
                  </a> <!-- TestChangeCurrency -->
                  <span class="method-name">TestChangeCurrency</span>
                </div> <!-- method-content -->
              </div> <!-- method -->
              <div class="method">
                <div class="method-content">
                  <a name="TestSearch">
                  </a> <!-- TestSearch -->
                  <span class="method-name">TestSearch</span>
                </div> <!-- method-content -->
              </div> <!-- method -->
            </div> <!-- main-panel-content rounded-window-bottom -->
          </div> <!-- suite-NopCommerce_Regression_Suite-class-passed -->
          <div class="suite-NopCommerce_Regression_Suite-class-passed">
            <div class="main-panel-header rounded-window-top">
              <img src="passed.png"/>
              <span class="class-name">Tests.AddToComperTest</span>
            </div> <!-- main-panel-header rounded-window-top -->
            <div class="main-panel-content rounded-window-bottom">
              <div class="method">
                <div class="method-content">
                  <a name="SearchItemOneToComparer">
                  </a> <!-- SearchItemOneToComparer -->
                  <span class="method-name">SearchItemOneToComparer</span>
                </div> <!-- method-content -->
              </div> <!-- method -->
              <div class="method">
                <div class="method-content">
                  <a name="SearchItemTwoToCompare">
                  </a> <!-- SearchItemTwoToCompare -->
                  <span class="method-name">SearchItemTwoToCompare</span>
                </div> <!-- method-content -->
              </div> <!-- method -->
              <div class="method">
                <div class="method-content">
                  <a name="TestComparePage">
                  </a> <!-- TestComparePage -->
                  <span class="method-name">TestComparePage</span>
                </div> <!-- method-content -->
              </div> <!-- method -->
            </div> <!-- main-panel-content rounded-window-bottom -->
          </div> <!-- suite-NopCommerce_Regression_Suite-class-passed -->
          <div class="suite-NopCommerce_Regression_Suite-class-passed">
            <div class="main-panel-header rounded-window-top">
              <img src="passed.png"/>
              <span class="class-name">Tests.ReviewTest</span>
            </div> <!-- main-panel-header rounded-window-top -->
            <div class="main-panel-content rounded-window-bottom">
              <div class="method">
                <div class="method-content">
                  <a name="TestMakingReview">
                  </a> <!-- TestMakingReview -->
                  <span class="method-name">TestMakingReview</span>
                </div> <!-- method-content -->
              </div> <!-- method -->
              <div class="method">
                <div class="method-content">
                  <a name="TestSearchAutoSuggest">
                  </a> <!-- TestSearchAutoSuggest -->
                  <span class="method-name">TestSearchAutoSuggest</span>
                </div> <!-- method-content -->
              </div> <!-- method -->
            </div> <!-- main-panel-content rounded-window-bottom -->
          </div> <!-- suite-NopCommerce_Regression_Suite-class-passed -->
          <div class="suite-NopCommerce_Regression_Suite-class-passed">
            <div class="main-panel-header rounded-window-top">
              <img src="passed.png"/>
              <span class="class-name">Tests.HoverMenuTest</span>
            </div> <!-- main-panel-header rounded-window-top -->
            <div class="main-panel-content rounded-window-bottom">
              <div class="method">
                <div class="method-content">
                  <a name="TestHoverComputersMenu">
                  </a> <!-- TestHoverComputersMenu -->
                  <span class="method-name">TestHoverComputersMenu</span>
                </div> <!-- method-content -->
              </div> <!-- method -->
            </div> <!-- main-panel-content rounded-window-bottom -->
          </div> <!-- suite-NopCommerce_Regression_Suite-class-passed -->
          <div class="suite-NopCommerce_Regression_Suite-class-passed">
            <div class="main-panel-header rounded-window-top">
              <img src="passed.png"/>
              <span class="class-name">Tests.AddToCartTest</span>
            </div> <!-- main-panel-header rounded-window-top -->
            <div class="main-panel-content rounded-window-bottom">
              <div class="method">
                <div class="method-content">
                  <a name="SearchItemOneToCart">
                  </a> <!-- SearchItemOneToCart -->
                  <span class="method-name">SearchItemOneToCart</span>
                </div> <!-- method-content -->
              </div> <!-- method -->
              <div class="method">
                <div class="method-content">
                  <a name="SearchItemTwoToCart">
                  </a> <!-- SearchItemTwoToCart -->
                  <span class="method-name">SearchItemTwoToCart</span>
                </div> <!-- method-content -->
              </div> <!-- method -->
              <div class="method">
                <div class="method-content">
                  <a name="TestCartPage">
                  </a> <!-- TestCartPage -->
                  <span class="method-name">TestCartPage</span>
                </div> <!-- method-content -->
              </div> <!-- method -->
            </div> <!-- main-panel-content rounded-window-bottom -->
          </div> <!-- suite-NopCommerce_Regression_Suite-class-passed -->
          <div class="suite-NopCommerce_Regression_Suite-class-passed">
            <div class="main-panel-header rounded-window-top">
              <img src="passed.png"/>
              <span class="class-name">Tests.ContactUsTest</span>
            </div> <!-- main-panel-header rounded-window-top -->
            <div class="main-panel-content rounded-window-bottom">
              <div class="method">
                <div class="method-content">
                  <a name="TestContactUs">
                  </a> <!-- TestContactUs -->
                  <span class="method-name">TestContactUs</span>
                </div> <!-- method-content -->
              </div> <!-- method -->
            </div> <!-- main-panel-content rounded-window-bottom -->
          </div> <!-- suite-NopCommerce_Regression_Suite-class-passed -->
          <div class="suite-NopCommerce_Regression_Suite-class-passed">
            <div class="main-panel-header rounded-window-top">
              <img src="passed.png"/>
              <span class="class-name">Tests.EmailFriendTest</span>
            </div> <!-- main-panel-header rounded-window-top -->
            <div class="main-panel-content rounded-window-bottom">
              <div class="method">
                <div class="method-content">
                  <a name="TestEmailFriend">
                  </a> <!-- TestEmailFriend -->
                  <span class="method-name">TestEmailFriend</span>
                </div> <!-- method-content -->
              </div> <!-- method -->
            </div> <!-- main-panel-content rounded-window-bottom -->
          </div> <!-- suite-NopCommerce_Regression_Suite-class-passed -->
          <div class="suite-NopCommerce_Regression_Suite-class-passed">
            <div class="main-panel-header rounded-window-top">
              <img src="passed.png"/>
              <span class="class-name">Tests.AddToWishTest</span>
            </div> <!-- main-panel-header rounded-window-top -->
            <div class="main-panel-content rounded-window-bottom">
              <div class="method">
                <div class="method-content">
                  <a name="TestAddToWish">
                  </a> <!-- TestAddToWish -->
                  <span class="method-name">TestAddToWish</span>
                </div> <!-- method-content -->
              </div> <!-- method -->
              <div class="method">
                <div class="method-content">
                  <a name="TestSearch">
                  </a> <!-- TestSearch -->
                  <span class="method-name">TestSearch</span>
                </div> <!-- method-content -->
              </div> <!-- method -->
              <div class="method">
                <div class="method-content">
                  <a name="TestWishList">
                  </a> <!-- TestWishList -->
                  <span class="method-name">TestWishList</span>
                </div> <!-- method-content -->
              </div> <!-- method -->
            </div> <!-- main-panel-content rounded-window-bottom -->
          </div> <!-- suite-NopCommerce_Regression_Suite-class-passed -->
          <div class="suite-NopCommerce_Regression_Suite-class-passed">
            <div class="main-panel-header rounded-window-top">
              <img src="passed.png"/>
              <span class="class-name">Tests.CheckOutRegisteredTest</span>
            </div> <!-- main-panel-header rounded-window-top -->
            <div class="main-panel-content rounded-window-bottom">
              <div class="method">
                <div class="method-content">
                  <a name="OpenCartPageThenCheckPage">
                  </a> <!-- OpenCartPageThenCheckPage -->
                  <span class="method-name">OpenCartPageThenCheckPage</span>
                </div> <!-- method-content -->
              </div> <!-- method -->
              <div class="method">
                <div class="method-content">
                  <a name="SearchItemToCheckOut">
                  </a> <!-- SearchItemToCheckOut -->
                  <span class="method-name">SearchItemToCheckOut</span>
                </div> <!-- method-content -->
              </div> <!-- method -->
            </div> <!-- main-panel-content rounded-window-bottom -->
          </div> <!-- suite-NopCommerce_Regression_Suite-class-passed -->
        </div> <!-- panel NopCommerce_Regression_Suite -->
        <div panel-name="test-xml-NopCommerce_Regression_Suite" class="panel">
          <div class="main-panel-header rounded-window-top">
            <span class="header-content">C:\WorkSpace\ATFNopCommerce\testng.xml</span>
          </div> <!-- main-panel-header rounded-window-top -->
          <div class="main-panel-content rounded-window-bottom">
            <pre>
&lt;?xml version=&quot;1.0&quot; encoding=&quot;UTF-8&quot;?&gt;
&lt;!DOCTYPE suite SYSTEM &quot;https://testng.org/testng-1.0.dtd&quot;&gt;
&lt;suite name=&quot;NopCommerce Regression Suite&quot; guice-stage=&quot;DEVELOPMENT&quot; verbose=&quot;0&quot;&gt;
  &lt;parameter name=&quot;Browser&quot; value=&quot;chrome&quot;/&gt;
  &lt;test thread-count=&quot;5&quot; name=&quot;Regression Test&quot; verbose=&quot;0&quot;&gt;
    &lt;classes&gt;
      &lt;class name=&quot;Tests.UserRegisterationTest&quot;/&gt;
      &lt;class name=&quot;Tests.CheckOutRegisteredTest&quot;/&gt;
      &lt;class name=&quot;Tests.AddToCartTest&quot;/&gt;
      &lt;class name=&quot;Tests.AddToComperTest&quot;/&gt;
      &lt;class name=&quot;Tests.AddToWishTest&quot;/&gt;
      &lt;class name=&quot;Tests.ChangeCurrencyTest&quot;/&gt;
      &lt;class name=&quot;Tests.ContactUsTest&quot;/&gt;
      &lt;class name=&quot;Tests.HoverMenuTest&quot;/&gt;
      &lt;class name=&quot;Tests.SearchAutoSuggestTest&quot;/&gt;
      &lt;class name=&quot;Tests.EmailFriendTest&quot;/&gt;
      &lt;class name=&quot;Tests.SearchTest&quot;/&gt;
      &lt;class name=&quot;Tests.ReviewTest&quot;/&gt;
    &lt;/classes&gt;
  &lt;/test&gt; &lt;!-- Regression Test --&gt;
&lt;/suite&gt; &lt;!-- NopCommerce Regression Suite --&gt;
            </pre>
          </div> <!-- main-panel-content rounded-window-bottom -->
        </div> <!-- panel -->
        <div panel-name="testlist-NopCommerce_Regression_Suite" class="panel">
          <div class="main-panel-header rounded-window-top">
            <span class="header-content">Tests for NopCommerce Regression Suite</span>
          </div> <!-- main-panel-header rounded-window-top -->
          <div class="main-panel-content rounded-window-bottom">
            <ul>
              <li>
                <span class="test-name">Regression Test (12 classes)</span>
              </li>
            </ul>
          </div> <!-- main-panel-content rounded-window-bottom -->
        </div> <!-- panel -->
        <div panel-name="group-NopCommerce_Regression_Suite" class="panel">
          <div class="main-panel-header rounded-window-top">
            <span class="header-content">Groups for NopCommerce Regression Suite</span>
          </div> <!-- main-panel-header rounded-window-top -->
          <div class="main-panel-content rounded-window-bottom">
          </div> <!-- main-panel-content rounded-window-bottom -->
        </div> <!-- panel -->
        <div panel-name="times-NopCommerce_Regression_Suite" class="panel">
          <div class="main-panel-header rounded-window-top">
            <span class="header-content">Times for NopCommerce Regression Suite</span>
          </div> <!-- main-panel-header rounded-window-top -->
          <div class="main-panel-content rounded-window-bottom">
            <div class="times-div">
              <script type="text/javascript">
suiteTableInitFunctions.push('tableData_NopCommerce_Regression_Suite');
function tableData_NopCommerce_Regression_Suite() {
var data = new google.visualization.DataTable();
data.addColumn('number', 'Number');
data.addColumn('string', 'Method');
data.addColumn('string', 'Class');
data.addColumn('number', 'Time (ms)');
data.addRows(23);
data.setCell(0, 0, 0)
data.setCell(0, 1, 'SearchItemToCheckOut')
data.setCell(0, 2, 'Tests.CheckOutRegisteredTest')
data.setCell(0, 3, 8039);
data.setCell(1, 0, 1)
data.setCell(1, 1, 'SearchItemTwoToCart')
data.setCell(1, 2, 'Tests.AddToCartTest')
data.setCell(1, 3, 7588);
data.setCell(2, 0, 2)
data.setCell(2, 1, 'SearchItemOneToComparer')
data.setCell(2, 2, 'Tests.AddToComperTest')
data.setCell(2, 3, 4824);
data.setCell(3, 0, 3)
data.setCell(3, 1, 'SearchItemOneToCart')
data.setCell(3, 2, 'Tests.AddToCartTest')
data.setCell(3, 3, 4652);
data.setCell(4, 0, 4)
data.setCell(4, 1, 'TestWishList')
data.setCell(4, 2, 'Tests.AddToWishTest')
data.setCell(4, 3, 4375);
data.setCell(5, 0, 5)
data.setCell(5, 1, 'TestAddToWish')
data.setCell(5, 2, 'Tests.AddToWishTest')
data.setCell(5, 3, 4205);
data.setCell(6, 0, 6)
data.setCell(6, 1, 'SearchItemTwoToCompare')
data.setCell(6, 2, 'Tests.AddToComperTest')
data.setCell(6, 3, 3467);
data.setCell(7, 0, 7)
data.setCell(7, 1, 'TestChangeCurrency')
data.setCell(7, 2, 'Tests.ChangeCurrencyTest')
data.setCell(7, 3, 3321);
data.setCell(8, 0, 8)
data.setCell(8, 1, 'TestSearchAutoSuggest')
data.setCell(8, 2, 'Tests.ReviewTest')
data.setCell(8, 3, 3162);
data.setCell(9, 0, 9)
data.setCell(9, 1, 'TestSearchAutoSuggest')
data.setCell(9, 2, 'Tests.SearchAutoSuggestTest')
data.setCell(9, 3, 3017);
data.setCell(10, 0, 10)
data.setCell(10, 1, 'UserCanRegisterSuccssfully')
data.setCell(10, 2, 'Tests.UserRegisterationTest')
data.setCell(10, 3, 2770);
data.setCell(11, 0, 11)
data.setCell(11, 1, 'TestLoginSuccssfully')
data.setCell(11, 2, 'Tests.UserRegisterationTest')
data.setCell(11, 3, 1937);
data.setCell(12, 0, 12)
data.setCell(12, 1, 'TestEmailFriend')
data.setCell(12, 2, 'Tests.EmailFriendTest')
data.setCell(12, 3, 1445);
data.setCell(13, 0, 13)
data.setCell(13, 1, 'TestContactUs')
data.setCell(13, 2, 'Tests.ContactUsTest')
data.setCell(13, 3, 1430);
data.setCell(14, 0, 14)
data.setCell(14, 1, 'TestMakingReview')
data.setCell(14, 2, 'Tests.ReviewTest')
data.setCell(14, 3, 1297);
data.setCell(15, 0, 15)
data.setCell(15, 1, 'OpenCartPageThenCheckPage')
data.setCell(15, 2, 'Tests.CheckOutRegisteredTest')
data.setCell(15, 3, 1149);
data.setCell(16, 0, 16)
data.setCell(16, 1, 'TestCartPage')
data.setCell(16, 2, 'Tests.AddToCartTest')
data.setCell(16, 3, 1144);
data.setCell(17, 0, 17)
data.setCell(17, 1, 'TestHoverComputersMenu')
data.setCell(17, 2, 'Tests.HoverMenuTest')
data.setCell(17, 3, 1021);
data.setCell(18, 0, 18)
data.setCell(18, 1, 'TestComparePage')
data.setCell(18, 2, 'Tests.AddToComperTest')
data.setCell(18, 3, 843);
data.setCell(19, 0, 19)
data.setCell(19, 1, 'TestSearch')
data.setCell(19, 2, 'Tests.SearchTest')
data.setCell(19, 3, 620);
data.setCell(20, 0, 20)
data.setCell(20, 1, 'TestSearch')
data.setCell(20, 2, 'Tests.AddToWishTest')
data.setCell(20, 3, 529);
data.setCell(21, 0, 21)
data.setCell(21, 1, 'TestSearch')
data.setCell(21, 2, 'Tests.ChangeCurrencyTest')
data.setCell(21, 3, 506);
data.setCell(22, 0, 22)
data.setCell(22, 1, 'TestCheckOutSteps')
data.setCell(22, 2, 'Tests.CheckOutRegisteredTest')
data.setCell(22, 3, 417);
window.suiteTableData['NopCommerce_Regression_Suite']= { tableData: data, tableDiv: 'times-div-NopCommerce_Regression_Suite'}
return data;
}
              </script>
              <span class="suite-total-time">Total running time: 1 minutes</span>
              <div id="times-div-NopCommerce_Regression_Suite">
              </div> <!-- times-div-NopCommerce_Regression_Suite -->
            </div> <!-- times-div -->
          </div> <!-- main-panel-content rounded-window-bottom -->
        </div> <!-- panel -->
        <div panel-name="reporter-NopCommerce_Regression_Suite" class="panel">
          <div class="main-panel-header rounded-window-top">
            <span class="header-content">Reporter output for NopCommerce Regression Suite</span>
          </div> <!-- main-panel-header rounded-window-top -->
          <div class="main-panel-content rounded-window-bottom">
          </div> <!-- main-panel-content rounded-window-bottom -->
        </div> <!-- panel -->
        <div panel-name="ignored-methods-NopCommerce_Regression_Suite" class="panel">
          <div class="main-panel-header rounded-window-top">
            <span class="header-content">11 ignored methods</span>
          </div> <!-- main-panel-header rounded-window-top -->
          <div class="main-panel-content rounded-window-bottom">
            <div class="ignored-class-div">
              <span class="ignored-class-name">Tests.SearchTest</span>
              <div class="ignored-methods-div">
                <span class="ignored-method-name">OpenWebSite</span>
                <br/>
              </div> <!-- ignored-methods-div -->
            </div> <!-- ignored-class-div -->
            <div class="ignored-class-div">
              <span class="ignored-class-name">Tests.SearchAutoSuggestTest</span>
              <div class="ignored-methods-div">
                <span class="ignored-method-name">OpenWebSite</span>
                <br/>
              </div> <!-- ignored-methods-div -->
            </div> <!-- ignored-class-div -->
            <div class="ignored-class-div">
              <span class="ignored-class-name">Tests.ChangeCurrencyTest</span>
              <div class="ignored-methods-div">
                <span class="ignored-method-name">OpenWebSite</span>
                <br/>
              </div> <!-- ignored-methods-div -->
            </div> <!-- ignored-class-div -->
            <div class="ignored-class-div">
              <span class="ignored-class-name">Tests.AddToComperTest</span>
              <div class="ignored-methods-div">
                <span class="ignored-method-name">OpenWebSite</span>
                <br/>
              </div> <!-- ignored-methods-div -->
            </div> <!-- ignored-class-div -->
            <div class="ignored-class-div">
              <span class="ignored-class-name">Tests.ReviewTest</span>
              <div class="ignored-methods-div">
                <span class="ignored-method-name">OpenWebSite</span>
                <br/>
              </div> <!-- ignored-methods-div -->
            </div> <!-- ignored-class-div -->
            <div class="ignored-class-div">
              <span class="ignored-class-name">Tests.HoverMenuTest</span>
              <div class="ignored-methods-div">
                <span class="ignored-method-name">OpenWebSite</span>
                <br/>
              </div> <!-- ignored-methods-div -->
            </div> <!-- ignored-class-div -->
            <div class="ignored-class-div">
              <span class="ignored-class-name">Tests.AddToCartTest</span>
              <div class="ignored-methods-div">
                <span class="ignored-method-name">OpenWebSite</span>
                <br/>
              </div> <!-- ignored-methods-div -->
            </div> <!-- ignored-class-div -->
            <div class="ignored-class-div">
              <span class="ignored-class-name">Tests.ContactUsTest</span>
              <div class="ignored-methods-div">
                <span class="ignored-method-name">OpenWebSite</span>
                <br/>
              </div> <!-- ignored-methods-div -->
            </div> <!-- ignored-class-div -->
            <div class="ignored-class-div">
              <span class="ignored-class-name">Tests.EmailFriendTest</span>
              <div class="ignored-methods-div">
                <span class="ignored-method-name">OpenWebSite</span>
                <br/>
              </div> <!-- ignored-methods-div -->
            </div> <!-- ignored-class-div -->
            <div class="ignored-class-div">
              <span class="ignored-class-name">Tests.AddToWishTest</span>
              <div class="ignored-methods-div">
                <span class="ignored-method-name">OpenWebSite</span>
                <br/>
              </div> <!-- ignored-methods-div -->
            </div> <!-- ignored-class-div -->
            <div class="ignored-class-div">
              <span class="ignored-class-name">Tests.CheckOutRegisteredTest</span>
              <div class="ignored-methods-div">
                <span class="ignored-method-name">OpenWebSite</span>
                <br/>
              </div> <!-- ignored-methods-div -->
            </div> <!-- ignored-class-div -->
          </div> <!-- main-panel-content rounded-window-bottom -->
        </div> <!-- panel -->
        <div panel-name="chronological-NopCommerce_Regression_Suite" class="panel">
          <div class="main-panel-header rounded-window-top">
            <span class="header-content">Methods in chronological order</span>
          </div> <!-- main-panel-header rounded-window-top -->
          <div class="main-panel-content rounded-window-bottom">
            <div class="chronological-class">
              <div class="chronological-class-name">Tests.UserRegisterationTest</div> <!-- chronological-class-name -->
              <div class="configuration-suite before">
                <span class="method-name">OpenWebSite(chrome)</span>
                <span class="method-start">0 ms</span>
              </div> <!-- configuration-suite before -->
              <div class="configuration-class before">
                <span class="method-name">setUpClass(org.testng.TestRunner@14b7786)</span>
                <span class="method-start">33530 ms</span>
              </div> <!-- configuration-class before -->
              <div class="test-method">
                <img src="failed.png">
                </img>
                <span class="method-name">UserCanRegisterSuccssfully</span>
                <span class="method-start">34145 ms</span>
              </div> <!-- test-method -->
              <div class="configuration-method after">
                <span class="method-name">ScreenShotOnFailure([TestResult name=UserCanRegisterSuccssfully status=FAILURE method=UserRegisterationTest.UserCanRegis...)</span>
                <span class="method-start">36925 ms</span>
              </div> <!-- configuration-method after -->
              <div class="test-method">
                <span class="method-name">TestLoginSuccssfully</span>
                <span class="method-start">37240 ms</span>
              </div> <!-- test-method -->
              <div class="configuration-method after">
                <span class="method-name">ScreenShotOnFailure([TestResult name=TestLoginSuccssfully status=SUCCESS method=UserRegisterationTest.TestLoginSuccssful...)</span>
                <span class="method-start">39178 ms</span>
              </div> <!-- configuration-method after -->
              <div class="configuration-class after">
                <span class="method-name">tearDownClass</span>
                <span class="method-start">39180 ms</span>
              </div> <!-- configuration-class after -->
            </div> <!-- chronological-class -->
            <div class="chronological-class">
              <div class="chronological-class-name">Tests.CheckOutRegisteredTest</div> <!-- chronological-class-name -->
              <div class="configuration-class before">
                <span class="method-name">setUpClass(org.testng.TestRunner@14b7786)</span>
                <span class="method-start">39186 ms</span>
              </div> <!-- configuration-class before -->
              <div class="test-method">
                <span class="method-name">SearchItemToCheckOut</span>
                <span class="method-start">39203 ms</span>
              </div> <!-- test-method -->
              <div class="configuration-method after">
                <span class="method-name">ScreenShotOnFailure([TestResult name=SearchItemToCheckOut status=SUCCESS method=CheckOutRegisteredTest.SearchItemToCheck...)</span>
                <span class="method-start">47246 ms</span>
              </div> <!-- configuration-method after -->
              <div class="test-method">
                <span class="method-name">OpenCartPageThenCheckPage</span>
                <span class="method-start">47249 ms</span>
              </div> <!-- test-method -->
              <div class="configuration-method after">
                <span class="method-name">ScreenShotOnFailure([TestResult name=OpenCartPageThenCheckPage status=SUCCESS method=CheckOutRegisteredTest.OpenCartPage...)</span>
                <span class="method-start">48399 ms</span>
              </div> <!-- configuration-method after -->
              <div class="test-method">
                <img src="failed.png">
                </img>
                <span class="method-name">TestCheckOutSteps</span>
                <span class="method-start">48406 ms</span>
              </div> <!-- test-method -->
              <div class="configuration-method after">
                <span class="method-name">ScreenShotOnFailure([TestResult name=TestCheckOutSteps status=FAILURE method=CheckOutRegisteredTest.TestCheckOutSteps()[...)</span>
                <span class="method-start">48832 ms</span>
              </div> <!-- configuration-method after -->
              <div class="configuration-class after">
                <span class="method-name">tearDownClass</span>
                <span class="method-start">48989 ms</span>
              </div> <!-- configuration-class after -->
            </div> <!-- chronological-class -->
            <div class="chronological-class">
              <div class="chronological-class-name">Tests.AddToCartTest</div> <!-- chronological-class-name -->
              <div class="configuration-class before">
                <span class="method-name">setUpClass(org.testng.TestRunner@14b7786)</span>
                <span class="method-start">48990 ms</span>
              </div> <!-- configuration-class before -->
              <div class="test-method">
                <span class="method-name">SearchItemOneToCart</span>
                <span class="method-start">49002 ms</span>
              </div> <!-- test-method -->
              <div class="configuration-method after">
                <span class="method-name">ScreenShotOnFailure([TestResult name=SearchItemOneToCart status=SUCCESS method=AddToCartTest.SearchItemOneToCart()[pri:0...)</span>
                <span class="method-start">53657 ms</span>
              </div> <!-- configuration-method after -->
              <div class="test-method">
                <span class="method-name">SearchItemTwoToCart</span>
                <span class="method-start">53662 ms</span>
              </div> <!-- test-method -->
              <div class="configuration-method after">
                <span class="method-name">ScreenShotOnFailure([TestResult name=SearchItemTwoToCart status=SUCCESS method=AddToCartTest.SearchItemTwoToCart()[pri:1...)</span>
                <span class="method-start">61254 ms</span>
              </div> <!-- configuration-method after -->
              <div class="test-method">
                <span class="method-name">TestCartPage</span>
                <span class="method-start">61256 ms</span>
              </div> <!-- test-method -->
              <div class="configuration-method after">
                <span class="method-name">ScreenShotOnFailure([TestResult name=TestCartPage status=SUCCESS method=AddToCartTest.TestCartPage()[pri:3, instance:Tes...)</span>
                <span class="method-start">62402 ms</span>
              </div> <!-- configuration-method after -->
              <div class="configuration-class after">
                <span class="method-name">tearDownClass</span>
                <span class="method-start">62403 ms</span>
              </div> <!-- configuration-class after -->
            </div> <!-- chronological-class -->
            <div class="chronological-class">
              <div class="chronological-class-name">Tests.AddToComperTest</div> <!-- chronological-class-name -->
              <div class="configuration-class before">
                <span class="method-name">setUpClass(org.testng.TestRunner@14b7786)</span>
                <span class="method-start">62404 ms</span>
              </div> <!-- configuration-class before -->
              <div class="test-method">
                <span class="method-name">SearchItemOneToComparer</span>
                <span class="method-start">62421 ms</span>
              </div> <!-- test-method -->
              <div class="configuration-method after">
                <span class="method-name">ScreenShotOnFailure([TestResult name=SearchItemOneToComparer status=SUCCESS method=AddToComperTest.SearchItemOneToCompar...)</span>
                <span class="method-start">67246 ms</span>
              </div> <!-- configuration-method after -->
              <div class="test-method">
                <span class="method-name">SearchItemTwoToCompare</span>
                <span class="method-start">67247 ms</span>
              </div> <!-- test-method -->
              <div class="configuration-method after">
                <span class="method-name">ScreenShotOnFailure([TestResult name=SearchItemTwoToCompare status=SUCCESS method=AddToComperTest.SearchItemTwoToCompare...)</span>
                <span class="method-start">70715 ms</span>
              </div> <!-- configuration-method after -->
              <div class="test-method">
                <span class="method-name">TestComparePage</span>
                <span class="method-start">70720 ms</span>
              </div> <!-- test-method -->
              <div class="configuration-method after">
                <span class="method-name">ScreenShotOnFailure([TestResult name=TestComparePage status=SUCCESS method=AddToComperTest.TestComparePage()[pri:3, inst...)</span>
                <span class="method-start">71563 ms</span>
              </div> <!-- configuration-method after -->
              <div class="configuration-class after">
                <span class="method-name">tearDownClass</span>
                <span class="method-start">71565 ms</span>
              </div> <!-- configuration-class after -->
            </div> <!-- chronological-class -->
            <div class="chronological-class">
              <div class="chronological-class-name">Tests.AddToWishTest</div> <!-- chronological-class-name -->
              <div class="configuration-class before">
                <span class="method-name">setUpClass(org.testng.TestRunner@14b7786)</span>
                <span class="method-start">71566 ms</span>
              </div> <!-- configuration-class before -->
              <div class="test-method">
                <span class="method-name">TestSearch</span>
                <span class="method-start">71575 ms</span>
              </div> <!-- test-method -->
              <div class="configuration-method after">
                <span class="method-name">ScreenShotOnFailure([TestResult name=TestSearch status=SUCCESS method=AddToWishTest.TestSearch()[pri:0, instance:Tests.A...)</span>
                <span class="method-start">72108 ms</span>
              </div> <!-- configuration-method after -->
              <div class="test-method">
                <span class="method-name">TestAddToWish</span>
                <span class="method-start">72123 ms</span>
              </div> <!-- test-method -->
              <div class="configuration-method after">
                <span class="method-name">ScreenShotOnFailure([TestResult name=TestAddToWish status=SUCCESS method=AddToWishTest.TestAddToWish()[pri:1, instance:T...)</span>
                <span class="method-start">76329 ms</span>
              </div> <!-- configuration-method after -->
              <div class="test-method">
                <span class="method-name">TestWishList</span>
                <span class="method-start">76335 ms</span>
              </div> <!-- test-method -->
              <div class="configuration-method after">
                <span class="method-name">ScreenShotOnFailure([TestResult name=TestWishList status=SUCCESS method=AddToWishTest.TestWishList()[pri:2, instance:Tes...)</span>
                <span class="method-start">80711 ms</span>
              </div> <!-- configuration-method after -->
              <div class="configuration-class after">
                <span class="method-name">tearDownClass</span>
                <span class="method-start">80712 ms</span>
              </div> <!-- configuration-class after -->
            </div> <!-- chronological-class -->
            <div class="chronological-class">
              <div class="chronological-class-name">Tests.ChangeCurrencyTest</div> <!-- chronological-class-name -->
              <div class="configuration-class before">
                <span class="method-name">setUpClass(org.testng.TestRunner@14b7786)</span>
                <span class="method-start">80713 ms</span>
              </div> <!-- configuration-class before -->
              <div class="test-method">
                <span class="method-name">TestSearch</span>
                <span class="method-start">80726 ms</span>
              </div> <!-- test-method -->
              <div class="configuration-method after">
                <span class="method-name">ScreenShotOnFailure([TestResult name=TestSearch status=SUCCESS method=ChangeCurrencyTest.TestSearch()[pri:0, instance:Te...)</span>
                <span class="method-start">81233 ms</span>
              </div> <!-- configuration-method after -->
              <div class="test-method">
                <span class="method-name">TestChangeCurrency</span>
                <span class="method-start">81238 ms</span>
              </div> <!-- test-method -->
              <div class="configuration-method after">
                <span class="method-name">ScreenShotOnFailure([TestResult name=TestChangeCurrency status=SUCCESS method=ChangeCurrencyTest.TestChangeCurrency()[pr...)</span>
                <span class="method-start">84560 ms</span>
              </div> <!-- configuration-method after -->
              <div class="configuration-class after">
                <span class="method-name">tearDownClass</span>
                <span class="method-start">84561 ms</span>
              </div> <!-- configuration-class after -->
            </div> <!-- chronological-class -->
            <div class="chronological-class">
              <div class="chronological-class-name">Tests.ContactUsTest</div> <!-- chronological-class-name -->
              <div class="configuration-class before">
                <span class="method-name">setUpClass(org.testng.TestRunner@14b7786)</span>
                <span class="method-start">84562 ms</span>
              </div> <!-- configuration-class before -->
              <div class="test-method">
                <span class="method-name">TestContactUs</span>
                <span class="method-start">84572 ms</span>
              </div> <!-- test-method -->
              <div class="configuration-method after">
                <span class="method-name">ScreenShotOnFailure([TestResult name=TestContactUs status=SUCCESS method=ContactUsTest.TestContactUs()[pri:0, instance:T...)</span>
                <span class="method-start">86005 ms</span>
              </div> <!-- configuration-method after -->
              <div class="configuration-class after">
                <span class="method-name">tearDownClass</span>
                <span class="method-start">86008 ms</span>
              </div> <!-- configuration-class after -->
            </div> <!-- chronological-class -->
            <div class="chronological-class">
              <div class="chronological-class-name">Tests.HoverMenuTest</div> <!-- chronological-class-name -->
              <div class="configuration-class before">
                <span class="method-name">setUpClass(org.testng.TestRunner@14b7786)</span>
                <span class="method-start">86009 ms</span>
              </div> <!-- configuration-class before -->
              <div class="test-method">
                <span class="method-name">TestHoverComputersMenu</span>
                <span class="method-start">86020 ms</span>
              </div> <!-- test-method -->
              <div class="configuration-method after">
                <span class="method-name">ScreenShotOnFailure([TestResult name=TestHoverComputersMenu status=SUCCESS method=HoverMenuTest.TestHoverComputersMenu()...)</span>
                <span class="method-start">87042 ms</span>
              </div> <!-- configuration-method after -->
              <div class="configuration-class after">
                <span class="method-name">tearDownClass</span>
                <span class="method-start">87043 ms</span>
              </div> <!-- configuration-class after -->
            </div> <!-- chronological-class -->
            <div class="chronological-class">
              <div class="chronological-class-name">Tests.SearchAutoSuggestTest</div> <!-- chronological-class-name -->
              <div class="configuration-class before">
                <span class="method-name">setUpClass(org.testng.TestRunner@14b7786)</span>
                <span class="method-start">87046 ms</span>
              </div> <!-- configuration-class before -->
              <div class="test-method">
                <span class="method-name">TestSearchAutoSuggest</span>
                <span class="method-start">87058 ms</span>
              </div> <!-- test-method -->
              <div class="configuration-method after">
                <span class="method-name">ScreenShotOnFailure([TestResult name=TestSearchAutoSuggest status=SUCCESS method=SearchAutoSuggestTest.TestSearchAutoSug...)</span>
                <span class="method-start">90075 ms</span>
              </div> <!-- configuration-method after -->
              <div class="configuration-class after">
                <span class="method-name">tearDownClass</span>
                <span class="method-start">90078 ms</span>
              </div> <!-- configuration-class after -->
            </div> <!-- chronological-class -->
            <div class="chronological-class">
              <div class="chronological-class-name">Tests.EmailFriendTest</div> <!-- chronological-class-name -->
              <div class="configuration-class before">
                <span class="method-name">setUpClass(org.testng.TestRunner@14b7786)</span>
                <span class="method-start">90079 ms</span>
              </div> <!-- configuration-class before -->
              <div class="test-method">
                <span class="method-name">TestEmailFriend</span>
                <span class="method-start">90095 ms</span>
              </div> <!-- test-method -->
              <div class="configuration-method after">
                <span class="method-name">ScreenShotOnFailure([TestResult name=TestEmailFriend status=SUCCESS method=EmailFriendTest.TestEmailFriend()[pri:0, inst...)</span>
                <span class="method-start">91542 ms</span>
              </div> <!-- configuration-method after -->
              <div class="configuration-class after">
                <span class="method-name">tearDownClass</span>
                <span class="method-start">91545 ms</span>
              </div> <!-- configuration-class after -->
            </div> <!-- chronological-class -->
            <div class="chronological-class">
              <div class="chronological-class-name">Tests.SearchTest</div> <!-- chronological-class-name -->
              <div class="configuration-class before">
                <span class="method-name">setUpClass(org.testng.TestRunner@14b7786)</span>
                <span class="method-start">91547 ms</span>
              </div> <!-- configuration-class before -->
              <div class="test-method">
                <span class="method-name">TestSearch</span>
                <span class="method-start">91568 ms</span>
              </div> <!-- test-method -->
              <div class="configuration-method after">
                <span class="method-name">ScreenShotOnFailure([TestResult name=TestSearch status=SUCCESS method=SearchTest.TestSearch()[pri:0, instance:Tests.Sear...)</span>
                <span class="method-start">92191 ms</span>
              </div> <!-- configuration-method after -->
              <div class="configuration-class after">
                <span class="method-name">tearDownClass</span>
                <span class="method-start">92195 ms</span>
              </div> <!-- configuration-class after -->
            </div> <!-- chronological-class -->
            <div class="chronological-class">
              <div class="chronological-class-name">Tests.ReviewTest</div> <!-- chronological-class-name -->
              <div class="configuration-class before">
                <span class="method-name">setUpClass(org.testng.TestRunner@14b7786)</span>
                <span class="method-start">92197 ms</span>
              </div> <!-- configuration-class before -->
              <div class="test-method">
                <span class="method-name">TestSearchAutoSuggest</span>
                <span class="method-start">92206 ms</span>
              </div> <!-- test-method -->
              <div class="configuration-method after">
                <span class="method-name">ScreenShotOnFailure([TestResult name=TestSearchAutoSuggest status=SUCCESS method=ReviewTest.TestSearchAutoSuggest()[pri:...)</span>
                <span class="method-start">95369 ms</span>
              </div> <!-- configuration-method after -->
              <div class="test-method">
                <span class="method-name">TestMakingReview</span>
                <span class="method-start">95371 ms</span>
              </div> <!-- test-method -->
              <div class="configuration-method after">
                <span class="method-name">ScreenShotOnFailure([TestResult name=TestMakingReview status=SUCCESS method=ReviewTest.TestMakingReview()[pri:1, instanc...)</span>
                <span class="method-start">96670 ms</span>
              </div> <!-- configuration-method after -->
              <div class="configuration-class after">
                <span class="method-name">tearDownClass</span>
                <span class="method-start">96672 ms</span>
              </div> <!-- configuration-class after -->
          </div> <!-- main-panel-content rounded-window-bottom -->
        </div> <!-- panel -->
      </div> <!-- main-panel-root -->
    </div> <!-- wrapper -->
  </body>
<script type="text/javascript" src="testng-reports2.js"></script>
</html>
