<html>
<head>
<title>TestNG:  Regression Test</title>
<link href="../testng.css" rel="stylesheet" type="text/css" />
<link href="../my-testng.css" rel="stylesheet" type="text/css" />

<style type="text/css">
.log { display: none;} 
.stack-trace { display: none;} 
</style>
<script type="text/javascript">
<!--
function flip(e) {
  current = e.style.display;
  if (current == 'block') {
    e.style.display = 'none';
    return 0;
  }
  else {
    e.style.display = 'block';
    return 1;
  }
}

function toggleBox(szDivId, elem, msg1, msg2)
{
  var res = -1;  if (document.getElementById) {
    res = flip(document.getElementById(szDivId));
  }
  else if (document.all) {
    // this is the way old msie versions work
    res = flip(document.all[szDivId]);
  }
  if(elem) {
    if(res == 0) elem.innerHTML = msg1; else elem.innerHTML = msg2;
  }

}

function toggleAllBoxes() {
  if (document.getElementsByTagName) {
    d = document.getElementsByTagName('div');
    for (i = 0; i < d.length; i++) {
      if (d[i].className == 'log') {
        flip(d[i]);
      }
    }
  }
}

// -->
</script>

</head>
<body>
<h2 align='center'>Regression Test</h2><table border='1' align="center">
<tr>
<td>Tests passed/Failed/Skipped:</td><td>21/2/0</td>
</tr><tr>
<td>Started on:</td><td>Sat Jan 06 05:27:37 EET 2024</td>
</tr>
<tr><td>Total time:</td><td>63 seconds (63474 ms)</td>
</tr><tr>
<td>Included groups:</td><td></td>
</tr><tr>
<td>Excluded groups:</td><td></td>
</tr>
</table><p/>
<small><i>(Hover the method name to see the test class name)</i></small><p/>
<table width='100%' border='1' class='invocation-failed'>
<tr><td colspan='4' align='center'><b>FAILED TESTS</b></td></tr>
<tr><td><b>Test method</b></td>
<td><b>Attribute(s)</b></td>
<td width="30%"><b>Exception</b></td>
<td width="10%"><b>Time (seconds)</b></td>
<td><b>Instance</b></td>
</tr>
<tr>
<td title='Tests.UserRegisterationTest.UserCanRegisterSuccssfully()'><b>UserCanRegisterSuccssfully</b><br>Test class: Tests.UserRegisterationTest</td>
<td><div><pre>java.lang.AssertionError: expected [true] but found [false]
	at Tests.UserRegisterationTest.UserCanRegisterSuccssfully(UserRegisterationTest.java:29)
	at java.base/java.util.ArrayList.forEach(ArrayList.java:1596)
... Removed 33 stack frames</pre></div><a href='#' onClick='toggleBox("stack-trace906448455", this, "Click to show all stack frames", "Click to hide stack frames")'>Click to show all stack frames</a>
<div class='stack-trace' id='stack-trace906448455'><pre>java.lang.AssertionError: expected [true] but found [false]
	at org.testng.Assert.fail(Assert.java:111)
	at org.testng.Assert.failNotEquals(Assert.java:1578)
	at org.testng.Assert.assertTrue(Assert.java:57)
	at org.testng.Assert.assertTrue(Assert.java:67)
	at Tests.UserRegisterationTest.UserCanRegisterSuccssfully(UserRegisterationTest.java:29)
	at java.base/jdk.internal.reflect.DirectMethodHandleAccessor.invoke(DirectMethodHandleAccessor.java:103)
	at java.base/java.lang.reflect.Method.invoke(Method.java:580)
	at org.testng.internal.invokers.MethodInvocationHelper.invokeMethod(MethodInvocationHelper.java:139)
	at org.testng.internal.invokers.TestInvoker.invokeMethod(TestInvoker.java:664)
	at org.testng.internal.invokers.TestInvoker.invokeTestMethod(TestInvoker.java:228)
	at org.testng.internal.invokers.MethodRunner.runInSequence(MethodRunner.java:63)
	at org.testng.internal.invokers.TestInvoker$MethodInvocationAgent.invoke(TestInvoker.java:961)
	at org.testng.internal.invokers.TestInvoker.invokeTestMethods(TestInvoker.java:201)
	at org.testng.internal.invokers.TestMethodWorker.invokeTestMethods(TestMethodWorker.java:148)
	at org.testng.internal.invokers.TestMethodWorker.run(TestMethodWorker.java:128)
	at java.base/java.util.ArrayList.forEach(ArrayList.java:1596)
	at org.testng.TestRunner.privateRun(TestRunner.java:819)
	at org.testng.TestRunner.run(TestRunner.java:619)
	at org.testng.SuiteRunner.runTest(SuiteRunner.java:443)
	at org.testng.SuiteRunner.runSequentially(SuiteRunner.java:437)
	at org.testng.SuiteRunner.privateRun(SuiteRunner.java:397)
	at org.testng.SuiteRunner.run(SuiteRunner.java:336)
	at org.testng.SuiteRunnerWorker.runSuite(SuiteRunnerWorker.java:52)
	at org.testng.SuiteRunnerWorker.run(SuiteRunnerWorker.java:95)
	at org.testng.TestNG.runSuitesSequentially(TestNG.java:1301)
	at org.testng.TestNG.runSuitesLocally(TestNG.java:1228)
	at org.testng.TestNG.runSuites(TestNG.java:1134)
	at org.testng.TestNG.run(TestNG.java:1101)
	at org.apache.maven.surefire.testng.TestNGExecutor.run(TestNGExecutor.java:308)
	at org.apache.maven.surefire.testng.TestNGXmlTestSuite.execute(TestNGXmlTestSuite.java:71)
	at org.apache.maven.surefire.testng.TestNGProvider.invoke(TestNGProvider.java:113)
	at org.apache.maven.surefire.booter.ForkedBooter.runSuitesInProcess(ForkedBooter.java:385)
	at org.apache.maven.surefire.booter.ForkedBooter.execute(ForkedBooter.java:162)
	at org.apache.maven.surefire.booter.ForkedBooter.run(ForkedBooter.java:507)
	at org.apache.maven.surefire.booter.ForkedBooter.main(ForkedBooter.java:495)
</pre></div></td>
<td>2</td>
<td>Tests.UserRegisterationTest@35d019a3</td></tr>
<tr>
<td title='Tests.CheckOutRegisteredTest.TestCheckOutSteps()'><b>TestCheckOutSteps</b><br>Test class: Tests.CheckOutRegisteredTest</td>
<td><div><pre>org.openqa.selenium.ElementNotInteractableException: element not interactable: Element is not currently visible and may not be manipulated
  (Session info: chrome=120.0.6099.109)
Build info: version: &apos;4.16.1&apos;, revision: &apos;9b4c83354e&apos;
System info: os.name: &apos;Windows 10&apos;, os.arch: &apos;amd64&apos;, os.version: &apos;10.0&apos;, java.version: &apos;21.0.1&apos;
Driver info: org.openqa.selenium.chrome.ChromeDriver
Command: [be0009fbcaf334df9b28900e2cba3c79, clickElement {id=7563FD654F8110061D8765BFB55908CB_element_274}]
Capabilities {acceptInsecureCerts: false, browserName: chrome, browserVersion: 120.0.6099.109, chrome: {chromedriverVersion: 120.0.6099.109 (3419140ab66..., userDataDir: C:\Users\MOAMEN~1\AppData\L...}, fedcm:accounts: true, goog:chromeOptions: {debuggerAddress: localhost:50893}, networkConnectionEnabled: false, pageLoadStrategy: normal, platformName: windows, proxy: Proxy(), se:cdp: ws://localhost:50893/devtoo..., se:cdpVersion: 120.0.6099.109, setWindowRect: true, strictFileInteractability: false, timeouts: {implicit: 0, pageLoad: 300000, script: 30000}, unhandledPromptBehavior: dismiss and notify, webauthn:extension:credBlob: true, webauthn:extension:largeBlob: true, webauthn:extension:minPinLength: true, webauthn:extension:prf: true, webauthn:virtualAuthenticators: true}
Element: [[[[ChromeDriver: chrome on windows (be0009fbcaf334df9b28900e2cba3c79)] -&gt; xpath: //*[@id=&quot;BillingNewAddress_CountryId&quot;]]] -&gt; xpath: .//option[@value = &quot;201&quot;]]
Session ID: be0009fbcaf334df9b28900e2cba3c79
	at org.openqa.selenium.remote.codec.w3c.W3CHttpResponseCodec.createException(W3CHttpResponseCodec.java:200)
	at org.openqa.selenium.remote.codec.w3c.W3CHttpResponseCodec.decode(W3CHttpResponseCodec.java:133)
	at org.openqa.selenium.remote.codec.w3c.W3CHttpResponseCodec.decode(W3CHttpResponseCodec.java:52)
	at org.openqa.selenium.remote.HttpCommandExecutor.execute(HttpCommandExecutor.java:191)
	at org.openqa.selenium.remote.service.DriverCommandExecutor.invokeExecute(DriverCommandExecutor.java:200)
	at org.openqa.selenium.remote.service.DriverCommandExecutor.execute(DriverCommandExecutor.java:175)
	at org.openqa.selenium.remote.RemoteWebDriver.execute(RemoteWebDriver.java:523)
	at org.openqa.selenium.remote.RemoteWebElement.execute(RemoteWebElement.java:224)
	at org.openqa.selenium.remote.RemoteWebElement.click(RemoteWebElement.java:77)
	at org.openqa.selenium.support.ui.Select.setSelected(Select.java:315)
	at org.openqa.selenium.support.ui.Select.selectByValue(Select.java:195)
	at PagesObjects.CheckOutPage.CheckOutInput(CheckOutPage.java:102)
	at Tests.CheckOutRegisteredTest.TestCheckOutSteps(CheckOutRegisteredTest.java:53)
	at java.base/java.util.ArrayList.forEach(ArrayList.java:1596)
... Removed 32 stack frames</pre></div><a href='#' onClick='toggleBox("stack-trace809128217", this, "Click to show all stack frames", "Click to hide stack frames")'>Click to show all stack frames</a>
<div class='stack-trace' id='stack-trace809128217'><pre>org.openqa.selenium.ElementNotInteractableException: element not interactable: Element is not currently visible and may not be manipulated
  (Session info: chrome=120.0.6099.109)
Build info: version: &apos;4.16.1&apos;, revision: &apos;9b4c83354e&apos;
System info: os.name: &apos;Windows 10&apos;, os.arch: &apos;amd64&apos;, os.version: &apos;10.0&apos;, java.version: &apos;21.0.1&apos;
Driver info: org.openqa.selenium.chrome.ChromeDriver
Command: [be0009fbcaf334df9b28900e2cba3c79, clickElement {id=7563FD654F8110061D8765BFB55908CB_element_274}]
Capabilities {acceptInsecureCerts: false, browserName: chrome, browserVersion: 120.0.6099.109, chrome: {chromedriverVersion: 120.0.6099.109 (3419140ab66..., userDataDir: C:\Users\MOAMEN~1\AppData\L...}, fedcm:accounts: true, goog:chromeOptions: {debuggerAddress: localhost:50893}, networkConnectionEnabled: false, pageLoadStrategy: normal, platformName: windows, proxy: Proxy(), se:cdp: ws://localhost:50893/devtoo..., se:cdpVersion: 120.0.6099.109, setWindowRect: true, strictFileInteractability: false, timeouts: {implicit: 0, pageLoad: 300000, script: 30000}, unhandledPromptBehavior: dismiss and notify, webauthn:extension:credBlob: true, webauthn:extension:largeBlob: true, webauthn:extension:minPinLength: true, webauthn:extension:prf: true, webauthn:virtualAuthenticators: true}
Element: [[[[ChromeDriver: chrome on windows (be0009fbcaf334df9b28900e2cba3c79)] -&gt; xpath: //*[@id=&quot;BillingNewAddress_CountryId&quot;]]] -&gt; xpath: .//option[@value = &quot;201&quot;]]
Session ID: be0009fbcaf334df9b28900e2cba3c79
	at java.base/jdk.internal.reflect.DirectConstructorHandleAccessor.newInstance(DirectConstructorHandleAccessor.java:62)
	at java.base/java.lang.reflect.Constructor.newInstanceWithCaller(Constructor.java:502)
	at java.base/java.lang.reflect.Constructor.newInstance(Constructor.java:486)
	at org.openqa.selenium.remote.codec.w3c.W3CHttpResponseCodec.createException(W3CHttpResponseCodec.java:200)
	at org.openqa.selenium.remote.codec.w3c.W3CHttpResponseCodec.decode(W3CHttpResponseCodec.java:133)
	at org.openqa.selenium.remote.codec.w3c.W3CHttpResponseCodec.decode(W3CHttpResponseCodec.java:52)
	at org.openqa.selenium.remote.HttpCommandExecutor.execute(HttpCommandExecutor.java:191)
	at org.openqa.selenium.remote.service.DriverCommandExecutor.invokeExecute(DriverCommandExecutor.java:200)
	at org.openqa.selenium.remote.service.DriverCommandExecutor.execute(DriverCommandExecutor.java:175)
	at org.openqa.selenium.remote.RemoteWebDriver.execute(RemoteWebDriver.java:523)
	at org.openqa.selenium.remote.RemoteWebElement.execute(RemoteWebElement.java:224)
	at org.openqa.selenium.remote.RemoteWebElement.click(RemoteWebElement.java:77)
	at org.openqa.selenium.support.ui.Select.setSelected(Select.java:315)
	at org.openqa.selenium.support.ui.Select.selectByValue(Select.java:195)
	at PagesObjects.CheckOutPage.CheckOutInput(CheckOutPage.java:102)
	at Tests.CheckOutRegisteredTest.TestCheckOutSteps(CheckOutRegisteredTest.java:53)
	at java.base/jdk.internal.reflect.DirectMethodHandleAccessor.invoke(DirectMethodHandleAccessor.java:103)
	at java.base/java.lang.reflect.Method.invoke(Method.java:580)
	at org.testng.internal.invokers.MethodInvocationHelper.invokeMethod(MethodInvocationHelper.java:139)
	at org.testng.internal.invokers.TestInvoker.invokeMethod(TestInvoker.java:664)
	at org.testng.internal.invokers.TestInvoker.invokeTestMethod(TestInvoker.java:228)
	at org.testng.internal.invokers.MethodRunner.runInSequence(MethodRunner.java:63)
	at org.testng.internal.invokers.TestInvoker$MethodInvocationAgent.invoke(TestInvoker.java:961)
	at org.testng.internal.invokers.TestInvoker.invokeTestMethods(TestInvoker.java:201)
	at org.testng.internal.invokers.TestMethodWorker.invokeTestMethods(TestMethodWorker.java:148)
	at org.testng.internal.invokers.TestMethodWorker.run(TestMethodWorker.java:128)
	at java.base/java.util.ArrayList.forEach(ArrayList.java:1596)
	at org.testng.TestRunner.privateRun(TestRunner.java:819)
	at org.testng.TestRunner.run(TestRunner.java:619)
	at org.testng.SuiteRunner.runTest(SuiteRunner.java:443)
	at org.testng.SuiteRunner.runSequentially(SuiteRunner.java:437)
	at org.testng.SuiteRunner.privateRun(SuiteRunner.java:397)
	at org.testng.SuiteRunner.run(SuiteRunner.java:336)
	at org.testng.SuiteRunnerWorker.runSuite(SuiteRunnerWorker.java:52)
	at org.testng.SuiteRunnerWorker.run(SuiteRunnerWorker.java:95)
	at org.testng.TestNG.runSuitesSequentially(TestNG.java:1301)
	at org.testng.TestNG.runSuitesLocally(TestNG.java:1228)
	at org.testng.TestNG.runSuites(TestNG.java:1134)
	at org.testng.TestNG.run(TestNG.java:1101)
	at org.apache.maven.surefire.testng.TestNGExecutor.run(TestNGExecutor.java:308)
	at org.apache.maven.surefire.testng.TestNGXmlTestSuite.execute(TestNGXmlTestSuite.java:71)
	at org.apache.maven.surefire.testng.TestNGProvider.invoke(TestNGProvider.java:113)
	at org.apache.maven.surefire.booter.ForkedBooter.runSuitesInProcess(ForkedBooter.java:385)
	at org.apache.maven.surefire.booter.ForkedBooter.execute(ForkedBooter.java:162)
	at org.apache.maven.surefire.booter.ForkedBooter.run(ForkedBooter.java:507)
	at org.apache.maven.surefire.booter.ForkedBooter.main(ForkedBooter.java:495)
</pre></div></td>
<td>0</td>
<td>Tests.CheckOutRegisteredTest@2a65fe7c</td></tr>
</table><p>
<table width='100%' border='1' class='invocation-passed'>
<tr><td colspan='4' align='center'><b>PASSED TESTS</b></td></tr>
<tr><td><b>Test method</b></td>
<td><b>Attribute(s)</b></td>
<td width="30%"><b>Exception</b></td>
<td width="10%"><b>Time (seconds)</b></td>
<td><b>Instance</b></td>
</tr>
<tr>
<td title='Tests.ContactUsTest.TestContactUs()'><b>TestContactUs</b><br>Test class: Tests.ContactUsTest</td>
<td></td>
<td>1</td>
<td>Tests.ContactUsTest@2a4fb17b</td></tr>
<tr>
<td title='Tests.UserRegisterationTest.TestLoginSuccssfully()'><b>TestLoginSuccssfully</b><br>Test class: Tests.UserRegisterationTest</td>
<td></td>
<td>1</td>
<td>Tests.UserRegisterationTest@35d019a3</td></tr>
<tr>
<td title='Tests.ChangeCurrencyTest.TestSearch()'><b>TestSearch</b><br>Test class: Tests.ChangeCurrencyTest</td>
<td></td>
<td>0</td>
<td>Tests.ChangeCurrencyTest@34a3d150</td></tr>
<tr>
<td title='Tests.EmailFriendTest.TestEmailFriend()'><b>TestEmailFriend</b><br>Test class: Tests.EmailFriendTest</td>
<td></td>
<td>1</td>
<td>Tests.EmailFriendTest@459e9125</td></tr>
<tr>
<td title='Tests.CheckOutRegisteredTest.OpenCartPageThenCheckPage()'><b>OpenCartPageThenCheckPage</b><br>Test class: Tests.CheckOutRegisteredTest</td>
<td></td>
<td>1</td>
<td>Tests.CheckOutRegisteredTest@2a65fe7c</td></tr>
<tr>
<td title='Tests.ChangeCurrencyTest.TestChangeCurrency()'><b>TestChangeCurrency</b><br>Test class: Tests.ChangeCurrencyTest</td>
<td></td>
<td>3</td>
<td>Tests.ChangeCurrencyTest@34a3d150</td></tr>
<tr>
<td title='Tests.AddToCartTest.TestCartPage()'><b>TestCartPage</b><br>Test class: Tests.AddToCartTest</td>
<td></td>
<td>1</td>
<td>Tests.AddToCartTest@4135c3b</td></tr>
<tr>
<td title='Tests.AddToWishTest.TestAddToWish()'><b>TestAddToWish</b><br>Test class: Tests.AddToWishTest</td>
<td></td>
<td>4</td>
<td>Tests.AddToWishTest@31304f14</td></tr>
<tr>
<td title='Tests.AddToWishTest.TestWishList()'><b>TestWishList</b><br>Test class: Tests.AddToWishTest</td>
<td></td>
<td>4</td>
<td>Tests.AddToWishTest@31304f14</td></tr>
<tr>
<td title='Tests.AddToCartTest.SearchItemTwoToCart()'><b>SearchItemTwoToCart</b><br>Test class: Tests.AddToCartTest</td>
<td></td>
<td>7</td>
<td>Tests.AddToCartTest@4135c3b</td></tr>
<tr>
<td title='Tests.CheckOutRegisteredTest.SearchItemToCheckOut()'><b>SearchItemToCheckOut</b><br>Test class: Tests.CheckOutRegisteredTest</td>
<td></td>
<td>8</td>
<td>Tests.CheckOutRegisteredTest@2a65fe7c</td></tr>
<tr>
<td title='Tests.AddToCartTest.SearchItemOneToCart()'><b>SearchItemOneToCart</b><br>Test class: Tests.AddToCartTest</td>
<td></td>
<td>4</td>
<td>Tests.AddToCartTest@4135c3b</td></tr>
<tr>
<td title='Tests.ReviewTest.TestSearchAutoSuggest()'><b>TestSearchAutoSuggest</b><br>Test class: Tests.ReviewTest</td>
<td></td>
<td>3</td>
<td>Tests.ReviewTest@7cc0cdad</td></tr>
<tr>
<td title='Tests.SearchAutoSuggestTest.TestSearchAutoSuggest()'><b>TestSearchAutoSuggest</b><br>Test class: Tests.SearchAutoSuggestTest</td>
<td></td>
<td>3</td>
<td>Tests.SearchAutoSuggestTest@6f1de4c7</td></tr>
<tr>
<td title='Tests.ReviewTest.TestMakingReview()'><b>TestMakingReview</b><br>Test class: Tests.ReviewTest</td>
<td></td>
<td>1</td>
<td>Tests.ReviewTest@7cc0cdad</td></tr>
<tr>
<td title='Tests.HoverMenuTest.TestHoverComputersMenu()'><b>TestHoverComputersMenu</b><br>Test class: Tests.HoverMenuTest</td>
<td></td>
<td>1</td>
<td>Tests.HoverMenuTest@5c6648b0</td></tr>
<tr>
<td title='Tests.AddToWishTest.TestSearch()'><b>TestSearch</b><br>Test class: Tests.AddToWishTest</td>
<td></td>
<td>0</td>
<td>Tests.AddToWishTest@31304f14</td></tr>
<tr>
<td title='Tests.AddToComperTest.TestComparePage()'><b>TestComparePage</b><br>Test class: Tests.AddToComperTest</td>
<td></td>
<td>0</td>
<td>Tests.AddToComperTest@6302bbb1</td></tr>
<tr>
<td title='Tests.AddToComperTest.SearchItemOneToComparer()'><b>SearchItemOneToComparer</b><br>Test class: Tests.AddToComperTest</td>
<td></td>
<td>4</td>
<td>Tests.AddToComperTest@6302bbb1</td></tr>
<tr>
<td title='Tests.AddToComperTest.SearchItemTwoToCompare()'><b>SearchItemTwoToCompare</b><br>Test class: Tests.AddToComperTest</td>
<td></td>
<td>3</td>
<td>Tests.AddToComperTest@6302bbb1</td></tr>
<tr>
<td title='Tests.SearchTest.TestSearch()'><b>TestSearch</b><br>Test class: Tests.SearchTest</td>
<td></td>
<td>0</td>
<td>Tests.SearchTest@128d2484</td></tr>
</table><p>
</body>
</html>