<?xml version="1.0" encoding="UTF-8"?>
<!-- Generated by org.testng.reporters.JUnitXMLReporter -->
<testsuite ignored="11" hostname="DESKTOP-ADRDCSD" failures="2" tests="23" name="Regression Test" time="63.474" errors="0" timestamp="2024-01-06T05:28:41 EET">
  <testcase classname="Tests.UserRegisterationTest" name="UserCanRegisterSuccssfully" time="2.77">
    <failure type="java.lang.AssertionError" message="expected [true] but found [false]">
      <![CDATA[java.lang.AssertionError: expected [true] but found [false]
at Tests.UserRegisterationTest.UserCanRegisterSuccssfully(UserRegisterationTest.java:29)
at java.base/java.util.ArrayList.forEach(ArrayList.java:1596)
... Removed 33 stack frames]]>
    </failure>
  </testcase> <!-- UserCanRegisterSuccssfully -->
  <testcase classname="Tests.UserRegisterationTest" name="TestLoginSuccssfully" time="1.937"/>
  <testcase classname="Tests.CheckOutRegisteredTest" name="SearchItemToCheckOut" time="8.039"/>
  <testcase classname="Tests.CheckOutRegisteredTest" name="OpenCartPageThenCheckPage" time="1.149"/>
  <testcase classname="Tests.CheckOutRegisteredTest" name="TestCheckOutSteps" time="0.417">
    <failure type="org.openqa.selenium.ElementNotInteractableException" message="element not interactable: Element is not currently visible and may not be manipulated
  (Session info: chrome=120.0.6099.109)
Build info: version: &amp;apos;4.16.1&amp;apos;, revision: &amp;apos;9b4c83354e&amp;apos;
System info: os.name: &amp;apos;Windows 10&amp;apos;, os.arch: &amp;apos;amd64&amp;apos;, os.version: &amp;apos;10.0&amp;apos;, java.version: &amp;apos;21.0.1&amp;apos;
Driver info: org.openqa.selenium.chrome.ChromeDriver
Command: [be0009fbcaf334df9b28900e2cba3c79, clickElement {id=7563FD654F8110061D8765BFB55908CB_element_274}]
Capabilities {acceptInsecureCerts: false, browserName: chrome, browserVersion: 120.0.6099.109, chrome: {chromedriverVersion: 120.0.6099.109 (3419140ab66..., userDataDir: C:\Users\MOAMEN~1\AppData\L...}, fedcm:accounts: true, goog:chromeOptions: {debuggerAddress: localhost:50893}, networkConnectionEnabled: false, pageLoadStrategy: normal, platformName: windows, proxy: Proxy(), se:cdp: ws://localhost:50893/devtoo..., se:cdpVersion: 120.0.6099.109, setWindowRect: true, strictFileInteractability: false, timeouts: {implicit: 0, pageLoad: 300000, script: 30000}, unhandledPromptBehavior: dismiss and notify, webauthn:extension:credBlob: true, webauthn:extension:largeBlob: true, webauthn:extension:minPinLength: true, webauthn:extension:prf: true, webauthn:virtualAuthenticators: true}
Element: [[[[ChromeDriver: chrome on windows (be0009fbcaf334df9b28900e2cba3c79)] -&amp;gt; xpath: //*[@id=&amp;quot;BillingNewAddress_CountryId&amp;quot;]]] -&amp;gt; xpath: .//option[@value = &amp;quot;201&amp;quot;]]
Session ID: be0009fbcaf334df9b28900e2cba3c79">
      <![CDATA[org.openqa.selenium.ElementNotInteractableException: element not interactable: Element is not currently visible and may not be manipulated
  (Session info: chrome=120.0.6099.109)
Build info: version: '4.16.1', revision: '9b4c83354e'
System info: os.name: 'Windows 10', os.arch: 'amd64', os.version: '10.0', java.version: '21.0.1'
Driver info: org.openqa.selenium.chrome.ChromeDriver
Command: [be0009fbcaf334df9b28900e2cba3c79, clickElement {id=7563FD654F8110061D8765BFB55908CB_element_274}]
Capabilities {acceptInsecureCerts: false, browserName: chrome, browserVersion: 120.0.6099.109, chrome: {chromedriverVersion: 120.0.6099.109 (3419140ab66..., userDataDir: C:\Users\MOAMEN~1\AppData\L...}, fedcm:accounts: true, goog:chromeOptions: {debuggerAddress: localhost:50893}, networkConnectionEnabled: false, pageLoadStrategy: normal, platformName: windows, proxy: Proxy(), se:cdp: ws://localhost:50893/devtoo..., se:cdpVersion: 120.0.6099.109, setWindowRect: true, strictFileInteractability: false, timeouts: {implicit: 0, pageLoad: 300000, script: 30000}, unhandledPromptBehavior: dismiss and notify, webauthn:extension:credBlob: true, webauthn:extension:largeBlob: true, webauthn:extension:minPinLength: true, webauthn:extension:prf: true, webauthn:virtualAuthenticators: true}
Element: [[[[ChromeDriver: chrome on windows (be0009fbcaf334df9b28900e2cba3c79)] -> xpath: //*[@id="BillingNewAddress_CountryId"]]] -> xpath: .//option[@value = "201"]]
Session ID: be0009fbcaf334df9b28900e2cba3c79
at org.openqa.selenium.remote.codec.w3c.W3CHttpResponseCodec.createException(W3CHttpResponseCodec.java:200)
at org.openqa.selenium.remote.codec.w3c.W3CHttpResponseCodec.decode(W3CHttpResponseCodec.java:133)
at org.openqa.selenium.remote.codec.w3c.W3CHttpResponseCodec.decode(W3CHttpResponseCodec.java:52)
at org.openqa.selenium.remote.HttpCommandExecutor.execute(HttpCommandExecutor.java:191)
at org.openqa.selenium.remote.service.DriverCommandExecutor.invokeExecute(DriverCommandExecutor.java:200)
at org.openqa.selenium.remote.service.DriverCommandExecutor.execute(DriverCommandExecutor.java:175)
at org.openqa.selenium.remote.RemoteWebDriver.execute(RemoteWebDriver.java:523)
at org.openqa.selenium.remote.RemoteWebElement.execute(RemoteWebElement.java:224)
at org.openqa.selenium.remote.RemoteWebElement.click(RemoteWebElement.java:77)
at org.openqa.selenium.support.ui.Select.setSelected(Select.java:315)
at org.openqa.selenium.support.ui.Select.selectByValue(Select.java:195)
at PagesObjects.CheckOutPage.CheckOutInput(CheckOutPage.java:102)
at Tests.CheckOutRegisteredTest.TestCheckOutSteps(CheckOutRegisteredTest.java:53)
at java.base/java.util.ArrayList.forEach(ArrayList.java:1596)
... Removed 32 stack frames]]>
    </failure>
  </testcase> <!-- TestCheckOutSteps -->
  <testcase classname="Tests.AddToCartTest" name="SearchItemOneToCart" time="4.652"/>
  <testcase classname="Tests.AddToCartTest" name="SearchItemTwoToCart" time="7.588"/>
  <testcase classname="Tests.AddToCartTest" name="TestCartPage" time="1.144"/>
  <testcase classname="Tests.AddToComperTest" name="SearchItemOneToComparer" time="4.824"/>
  <testcase classname="Tests.AddToComperTest" name="SearchItemTwoToCompare" time="3.467"/>
  <testcase classname="Tests.AddToComperTest" name="TestComparePage" time="0.843"/>
  <testcase classname="Tests.AddToWishTest" name="TestSearch" time="0.529"/>
  <testcase classname="Tests.AddToWishTest" name="TestAddToWish" time="4.205"/>
  <testcase classname="Tests.AddToWishTest" name="TestWishList" time="4.375"/>
  <testcase classname="Tests.ChangeCurrencyTest" name="TestSearch" time="0.506"/>
  <testcase classname="Tests.ChangeCurrencyTest" name="TestChangeCurrency" time="3.321"/>
  <testcase classname="Tests.ContactUsTest" name="TestContactUs" time="1.43"/>
  <testcase classname="Tests.HoverMenuTest" name="TestHoverComputersMenu" time="1.021"/>
  <testcase classname="Tests.SearchAutoSuggestTest" name="TestSearchAutoSuggest" time="3.017"/>
  <testcase classname="Tests.EmailFriendTest" name="TestEmailFriend" time="1.445"/>
  <testcase classname="Tests.SearchTest" name="TestSearch" time="0.62"/>
  <testcase classname="Tests.ReviewTest" name="TestSearchAutoSuggest" time="3.162"/>
  <testcase classname="Tests.ReviewTest" name="TestMakingReview" time="1.297"/>
  <testcase classname="Tests.TestBase" name="@BeforeSuite OpenWebSite" time="0.0">
    <ignored/>
  </testcase> <!-- @BeforeSuite OpenWebSite -->
  <testcase classname="Tests.TestBase" name="@BeforeSuite OpenWebSite" time="0.0">
    <ignored/>
  </testcase> <!-- @BeforeSuite OpenWebSite -->
  <testcase classname="Tests.TestBase" name="@BeforeSuite OpenWebSite" time="0.0">
    <ignored/>
  </testcase> <!-- @BeforeSuite OpenWebSite -->
  <testcase classname="Tests.TestBase" name="@BeforeSuite OpenWebSite" time="0.0">
    <ignored/>
  </testcase> <!-- @BeforeSuite OpenWebSite -->
  <testcase classname="Tests.TestBase" name="@BeforeSuite OpenWebSite" time="0.0">
    <ignored/>
  </testcase> <!-- @BeforeSuite OpenWebSite -->
  <testcase classname="Tests.TestBase" name="@BeforeSuite OpenWebSite" time="0.0">
    <ignored/>
  </testcase> <!-- @BeforeSuite OpenWebSite -->
  <testcase classname="Tests.TestBase" name="@BeforeSuite OpenWebSite" time="0.0">
    <ignored/>
  </testcase> <!-- @BeforeSuite OpenWebSite -->
  <testcase classname="Tests.TestBase" name="@BeforeSuite OpenWebSite" time="0.0">
    <ignored/>
  </testcase> <!-- @BeforeSuite OpenWebSite -->
  <testcase classname="Tests.TestBase" name="@BeforeSuite OpenWebSite" time="0.0">
    <ignored/>
  </testcase> <!-- @BeforeSuite OpenWebSite -->
  <testcase classname="Tests.TestBase" name="@BeforeSuite OpenWebSite" time="0.0">
    <ignored/>
  </testcase> <!-- @BeforeSuite OpenWebSite -->
  <testcase classname="Tests.TestBase" name="@BeforeSuite OpenWebSite" time="0.0">
    <ignored/>
  </testcase> <!-- @BeforeSuite OpenWebSite -->
</testsuite> <!-- Regression Test -->
